27-01-2025 21:51:41.921 [http-nio-9098-exec-7] INFO  [ControllerAspect.java:21] c.g.biblioteca.aop.ControllerAspect.around - Inicia llamada a método: listarAutores en el controlador: AutorController con parametros: []
27-01-2025 21:51:42.754 [http-nio-9098-exec-7] INFO  [ControllerAspect.java:24] c.g.biblioteca.aop.ControllerAspect.around - Fin llamada a método: listarAutores en el controlador: AutorController
27-01-2025 21:59:21.118 [http-nio-9098-exec-2] WARN  [DispatcherServlet.java:1301] o.s.web.servlet.PageNotFound.noHandlerFound - No mapping for OPTIONS /api/autores/
27-01-2025 22:00:27.644 [http-nio-9098-exec-3] WARN  [DispatcherServlet.java:1301] o.s.web.servlet.PageNotFound.noHandlerFound - No mapping for OPTIONS /api/autores/
27-01-2025 22:00:56.184 [http-nio-9098-exec-5] WARN  [DispatcherServlet.java:1301] o.s.web.servlet.PageNotFound.noHandlerFound - No mapping for OPTIONS /api/autores/
27-01-2025 22:01:17.282 [http-nio-9098-exec-6] WARN  [DispatcherServlet.java:1301] o.s.web.servlet.PageNotFound.noHandlerFound - No mapping for OPTIONS /api/autores/
27-01-2025 22:03:20.175 [http-nio-9098-exec-10] INFO  [ControllerAspect.java:21] c.g.biblioteca.aop.ControllerAspect.around - Inicia llamada a método: listarAutores en el controlador: AutorController con parametros: []
27-01-2025 22:03:20.182 [http-nio-9098-exec-10] INFO  [ControllerAspect.java:24] c.g.biblioteca.aop.ControllerAspect.around - Fin llamada a método: listarAutores en el controlador: AutorController
27-01-2025 22:03:20.263 [http-nio-9098-exec-7] WARN  [DispatcherServlet.java:1301] o.s.web.servlet.PageNotFound.noHandlerFound - No mapping for GET /favicon.ico
27-01-2025 22:09:32.681 [SpringApplicationShutdownHook] INFO  [AbstractEntityManagerFactoryBean.java:650] o.s.o.j.LocalContainerEntityManagerFactoryBean.destroy - Closing JPA EntityManagerFactory for persistence unit 'default'
27-01-2025 22:09:55.916 [restartedMain] INFO  [StartupInfoLogger.java:50] c.g.biblioteca.BibliotecaApplication.logStarting - Starting BibliotecaApplication using Java 17.0.8.1 with PID 18624 (D:\Programacion\Proyectos\Growby\sistema-biblioteca-backend\target\classes started by steve in D:\Programacion\Proyectos\Growby\sistema-biblioteca-backend)
27-01-2025 22:09:55.919 [restartedMain] INFO  [SpringApplication.java:654] c.g.biblioteca.BibliotecaApplication.logStartupProfileInfo - No active profile set, falling back to 1 default profile: "default"
27-01-2025 22:09:55.975 [background-preinit] INFO  [Version.java:21] o.h.validator.internal.util.Version.<clinit> - HV000001: Hibernate Validator 8.0.1.Final
27-01-2025 22:09:55.983 [restartedMain] INFO  [DeferredLog.java:252] o.s.b.d.restart.ChangeableUrls.logTo - The Class-Path manifest attribute in C:\Users\steve\.m2\repository\com\oracle\database\jdbc\ojdbc11\21.9.0.0\ojdbc11-21.9.0.0.jar referenced one or more files that do not exist: file:/C:/Users/steve/.m2/repository/com/oracle/database/jdbc/ojdbc11/21.9.0.0/oraclepki.jar
27-01-2025 22:09:55.983 [restartedMain] INFO  [DeferredLog.java:252] o.s.b.d.e.DevToolsPropertyDefaultsPostProcessor.logTo - Devtools property defaults active! Set 'spring.devtools.add-properties' to 'false' to disable
27-01-2025 22:09:55.984 [restartedMain] INFO  [DeferredLog.java:252] o.s.b.d.e.DevToolsPropertyDefaultsPostProcessor.logTo - For additional web related logging consider setting the 'logging.level.web' property to 'DEBUG'
27-01-2025 22:09:57.612 [restartedMain] INFO  [RepositoryConfigurationDelegate.java:143] o.s.d.r.c.RepositoryConfigurationDelegate.registerRepositoriesIn - Bootstrapping Spring Data JPA repositories in DEFAULT mode.
27-01-2025 22:09:57.739 [restartedMain] INFO  [RepositoryConfigurationDelegate.java:211] o.s.d.r.c.RepositoryConfigurationDelegate.registerRepositoriesIn - Finished Spring Data repository scanning in 119 ms. Found 3 JPA repository interfaces.
27-01-2025 22:10:00.171 [restartedMain] INFO  [TomcatWebServer.java:111] o.s.b.w.e.tomcat.TomcatWebServer.initialize - Tomcat initialized with port 9098 (http)
27-01-2025 22:10:00.188 [restartedMain] INFO  [DirectJDKLog.java:173] o.a.coyote.http11.Http11NioProtocol.log - Initializing ProtocolHandler ["http-nio-9098"]
27-01-2025 22:10:00.255 [restartedMain] INFO  [DirectJDKLog.java:173] o.a.catalina.core.StandardService.log - Starting service [Tomcat]
27-01-2025 22:10:00.255 [restartedMain] INFO  [DirectJDKLog.java:173] o.a.catalina.core.StandardEngine.log - Starting Servlet engine: [Apache Tomcat/10.1.28]
27-01-2025 22:10:01.919 [restartedMain] INFO  [DirectJDKLog.java:173] o.a.c.c.C.[Tomcat].[localhost].[/].log - Initializing Spring embedded WebApplicationContext
27-01-2025 22:10:01.920 [restartedMain] INFO  [ServletWebServerApplicationContext.java:296] o.s.b.w.s.c.ServletWebServerApplicationContext.prepareWebApplicationContext - Root WebApplicationContext: initialization completed in 5934 ms
27-01-2025 22:10:02.555 [restartedMain] INFO  [H2ConsoleAutoConfiguration.java:88] o.s.b.a.h.H2ConsoleAutoConfiguration.logDataSources - H2 console available at '/h2-console'. Database available at 'jdbc:h2:mem:testdb'
27-01-2025 22:10:02.878 [restartedMain] INFO  [LogHelper.java:31] o.h.jpa.internal.util.LogHelper.logPersistenceUnitInformation - HHH000204: Processing PersistenceUnitInfo [name: default]
27-01-2025 22:10:02.989 [restartedMain] INFO  [Version.java:44] org.hibernate.Version.logVersion - HHH000412: Hibernate ORM core version 6.5.2.Final
27-01-2025 22:10:03.045 [restartedMain] INFO  [RegionFactoryInitiator.java:50] o.h.c.i.RegionFactoryInitiator.initiateService - HHH000026: Second-level cache disabled
27-01-2025 22:10:03.486 [restartedMain] INFO  [SpringPersistenceUnitInfo.java:87] o.s.o.j.p.SpringPersistenceUnitInfo.addTransformer - No LoadTimeWeaver setup: ignoring JPA class transformer
27-01-2025 22:10:04.729 [restartedMain] INFO  [JtaPlatformInitiator.java:59] o.h.e.t.j.p.i.JtaPlatformInitiator.initiateService - HHH000489: No JTA platform available (set 'hibernate.transaction.jta.platform' to enable JTA platform integration)
27-01-2025 22:10:04.792 [restartedMain] INFO  [AbstractEntityManagerFactoryBean.java:437] o.s.o.j.LocalContainerEntityManagerFactoryBean.buildNativeEntityManagerFactory - Initialized JPA EntityManagerFactory for persistence unit 'default'
27-01-2025 22:10:05.928 [restartedMain] WARN  [JpaBaseConfiguration.java:236] o.s.b.a.o.j.JpaBaseConfiguration$JpaWebConfiguration.openEntityManagerInViewInterceptor - spring.jpa.open-in-view is enabled by default. Therefore, database queries may be performed during view rendering. Explicitly configure spring.jpa.open-in-view to disable this warning
27-01-2025 22:10:07.154 [restartedMain] INFO  [OptionalLiveReloadServer.java:59] o.s.b.d.a.OptionalLiveReloadServer.startServer - LiveReload server is running on port 35729
27-01-2025 22:10:07.205 [restartedMain] INFO  [DirectJDKLog.java:173] o.a.coyote.http11.Http11NioProtocol.log - Starting ProtocolHandler ["http-nio-9098"]
27-01-2025 22:10:07.243 [restartedMain] INFO  [TomcatWebServer.java:243] o.s.b.w.e.tomcat.TomcatWebServer.start - Tomcat started on port 9098 (http) with context path '/'
27-01-2025 22:10:07.262 [restartedMain] INFO  [StartupInfoLogger.java:56] c.g.biblioteca.BibliotecaApplication.logStarted - Started BibliotecaApplication in 12.359 seconds (process running for 13.725)
27-01-2025 22:10:07.534 [http-nio-9098-exec-1] INFO  [DirectJDKLog.java:173] o.a.c.c.C.[Tomcat].[localhost].[/].log - Initializing Spring DispatcherServlet 'dispatcherServlet'
27-01-2025 22:10:07.534 [http-nio-9098-exec-1] INFO  [FrameworkServlet.java:532] o.s.web.servlet.DispatcherServlet.initServletBean - Initializing Servlet 'dispatcherServlet'
27-01-2025 22:10:07.534 [http-nio-9098-exec-1] INFO  [FrameworkServlet.java:554] o.s.web.servlet.DispatcherServlet.initServletBean - Completed initialization in 0 ms
27-01-2025 22:10:07.654 [http-nio-9098-exec-2] INFO  [ControllerAspect.java:21] c.g.biblioteca.aop.ControllerAspect.around - Inicia llamada a método: listarAutores en el controlador: AutorController con parametros: []
27-01-2025 22:10:07.925 [http-nio-9098-exec-2] INFO  [ControllerAspect.java:24] c.g.biblioteca.aop.ControllerAspect.around - Fin llamada a método: listarAutores en el controlador: AutorController
27-01-2025 22:10:19.805 [http-nio-9098-exec-3] INFO  [ControllerAspect.java:21] c.g.biblioteca.aop.ControllerAspect.around - Inicia llamada a método: listarAutores en el controlador: AutorController con parametros: []
27-01-2025 22:10:19.815 [http-nio-9098-exec-3] INFO  [ControllerAspect.java:24] c.g.biblioteca.aop.ControllerAspect.around - Fin llamada a método: listarAutores en el controlador: AutorController
27-01-2025 22:10:39.394 [http-nio-9098-exec-5] INFO  [ControllerAspect.java:21] c.g.biblioteca.aop.ControllerAspect.around - Inicia llamada a método: listarAutores en el controlador: AutorController con parametros: []
27-01-2025 22:10:39.394 [http-nio-9098-exec-5] INFO  [ControllerAspect.java:24] c.g.biblioteca.aop.ControllerAspect.around - Fin llamada a método: listarAutores en el controlador: AutorController
27-01-2025 22:11:28.929 [http-nio-9098-exec-7] INFO  [ControllerAspect.java:21] c.g.biblioteca.aop.ControllerAspect.around - Inicia llamada a método: listarAutores en el controlador: AutorController con parametros: []
27-01-2025 22:11:28.934 [http-nio-9098-exec-7] INFO  [ControllerAspect.java:24] c.g.biblioteca.aop.ControllerAspect.around - Fin llamada a método: listarAutores en el controlador: AutorController
27-01-2025 22:11:47.196 [http-nio-9098-exec-8] INFO  [ControllerAspect.java:21] c.g.biblioteca.aop.ControllerAspect.around - Inicia llamada a método: listarAutores en el controlador: AutorController con parametros: []
27-01-2025 22:11:47.199 [http-nio-9098-exec-8] INFO  [ControllerAspect.java:24] c.g.biblioteca.aop.ControllerAspect.around - Fin llamada a método: listarAutores en el controlador: AutorController
27-01-2025 22:16:01.378 [http-nio-9098-exec-9] INFO  [ControllerAspect.java:21] c.g.biblioteca.aop.ControllerAspect.around - Inicia llamada a método: listarAutores en el controlador: AutorController con parametros: []
27-01-2025 22:16:01.384 [http-nio-9098-exec-9] INFO  [ControllerAspect.java:24] c.g.biblioteca.aop.ControllerAspect.around - Fin llamada a método: listarAutores en el controlador: AutorController
27-01-2025 22:17:26.300 [http-nio-9098-exec-1] INFO  [ControllerAspect.java:21] c.g.biblioteca.aop.ControllerAspect.around - Inicia llamada a método: listarAutores en el controlador: AutorController con parametros: []
27-01-2025 22:17:26.305 [http-nio-9098-exec-1] INFO  [ControllerAspect.java:24] c.g.biblioteca.aop.ControllerAspect.around - Fin llamada a método: listarAutores en el controlador: AutorController
27-01-2025 22:20:55.624 [http-nio-9098-exec-3] INFO  [ControllerAspect.java:21] c.g.biblioteca.aop.ControllerAspect.around - Inicia llamada a método: listarAutores en el controlador: AutorController con parametros: []
27-01-2025 22:20:55.632 [http-nio-9098-exec-3] INFO  [ControllerAspect.java:24] c.g.biblioteca.aop.ControllerAspect.around - Fin llamada a método: listarAutores en el controlador: AutorController
27-01-2025 22:21:46.341 [http-nio-9098-exec-5] INFO  [ControllerAspect.java:21] c.g.biblioteca.aop.ControllerAspect.around - Inicia llamada a método: listarAutores en el controlador: AutorController con parametros: []
27-01-2025 22:21:46.346 [http-nio-9098-exec-5] INFO  [ControllerAspect.java:24] c.g.biblioteca.aop.ControllerAspect.around - Fin llamada a método: listarAutores en el controlador: AutorController
27-01-2025 22:22:20.447 [http-nio-9098-exec-6] INFO  [ControllerAspect.java:21] c.g.biblioteca.aop.ControllerAspect.around - Inicia llamada a método: listarAutores en el controlador: AutorController con parametros: []
27-01-2025 22:22:20.452 [http-nio-9098-exec-6] INFO  [ControllerAspect.java:24] c.g.biblioteca.aop.ControllerAspect.around - Fin llamada a método: listarAutores en el controlador: AutorController
27-01-2025 22:22:51.284 [http-nio-9098-exec-7] INFO  [ControllerAspect.java:21] c.g.biblioteca.aop.ControllerAspect.around - Inicia llamada a método: listarAutores en el controlador: AutorController con parametros: []
27-01-2025 22:22:51.288 [http-nio-9098-exec-7] INFO  [ControllerAspect.java:24] c.g.biblioteca.aop.ControllerAspect.around - Fin llamada a método: listarAutores en el controlador: AutorController
27-01-2025 22:23:22.182 [http-nio-9098-exec-8] INFO  [ControllerAspect.java:21] c.g.biblioteca.aop.ControllerAspect.around - Inicia llamada a método: listarAutores en el controlador: AutorController con parametros: []
27-01-2025 22:23:22.186 [http-nio-9098-exec-8] INFO  [ControllerAspect.java:24] c.g.biblioteca.aop.ControllerAspect.around - Fin llamada a método: listarAutores en el controlador: AutorController
27-01-2025 22:23:25.957 [http-nio-9098-exec-4] INFO  [ControllerAspect.java:21] c.g.biblioteca.aop.ControllerAspect.around - Inicia llamada a método: listarAutores en el controlador: AutorController con parametros: []
27-01-2025 22:23:25.962 [http-nio-9098-exec-4] INFO  [ControllerAspect.java:24] c.g.biblioteca.aop.ControllerAspect.around - Fin llamada a método: listarAutores en el controlador: AutorController
27-01-2025 22:23:32.774 [http-nio-9098-exec-9] INFO  [ControllerAspect.java:21] c.g.biblioteca.aop.ControllerAspect.around - Inicia llamada a método: listarAutores en el controlador: AutorController con parametros: []
27-01-2025 22:23:32.774 [http-nio-9098-exec-9] INFO  [ControllerAspect.java:24] c.g.biblioteca.aop.ControllerAspect.around - Fin llamada a método: listarAutores en el controlador: AutorController
27-01-2025 22:23:45.190 [http-nio-9098-exec-10] INFO  [ControllerAspect.java:21] c.g.biblioteca.aop.ControllerAspect.around - Inicia llamada a método: listarAutores en el controlador: AutorController con parametros: []
27-01-2025 22:23:45.190 [http-nio-9098-exec-10] INFO  [ControllerAspect.java:24] c.g.biblioteca.aop.ControllerAspect.around - Fin llamada a método: listarAutores en el controlador: AutorController
27-01-2025 22:24:36.800 [http-nio-9098-exec-1] INFO  [ControllerAspect.java:21] c.g.biblioteca.aop.ControllerAspect.around - Inicia llamada a método: listarAutores en el controlador: AutorController con parametros: []
27-01-2025 22:24:36.806 [http-nio-9098-exec-1] INFO  [ControllerAspect.java:24] c.g.biblioteca.aop.ControllerAspect.around - Fin llamada a método: listarAutores en el controlador: AutorController
27-01-2025 22:24:42.954 [http-nio-9098-exec-2] INFO  [ControllerAspect.java:21] c.g.biblioteca.aop.ControllerAspect.around - Inicia llamada a método: listarAutores en el controlador: AutorController con parametros: []
27-01-2025 22:24:42.959 [http-nio-9098-exec-2] INFO  [ControllerAspect.java:24] c.g.biblioteca.aop.ControllerAspect.around - Fin llamada a método: listarAutores en el controlador: AutorController
27-01-2025 22:25:11.358 [http-nio-9098-exec-3] INFO  [ControllerAspect.java:21] c.g.biblioteca.aop.ControllerAspect.around - Inicia llamada a método: listarAutores en el controlador: AutorController con parametros: []
27-01-2025 22:25:11.370 [http-nio-9098-exec-3] INFO  [ControllerAspect.java:24] c.g.biblioteca.aop.ControllerAspect.around - Fin llamada a método: listarAutores en el controlador: AutorController
27-01-2025 22:27:35.169 [http-nio-9098-exec-6] INFO  [ControllerAspect.java:21] c.g.biblioteca.aop.ControllerAspect.around - Inicia llamada a método: listarAutores en el controlador: AutorController con parametros: []
27-01-2025 22:27:35.186 [http-nio-9098-exec-6] INFO  [ControllerAspect.java:24] c.g.biblioteca.aop.ControllerAspect.around - Fin llamada a método: listarAutores en el controlador: AutorController
27-01-2025 22:27:45.174 [http-nio-9098-exec-7] INFO  [ControllerAspect.java:21] c.g.biblioteca.aop.ControllerAspect.around - Inicia llamada a método: listarAutores en el controlador: AutorController con parametros: []
27-01-2025 22:27:45.179 [http-nio-9098-exec-7] INFO  [ControllerAspect.java:24] c.g.biblioteca.aop.ControllerAspect.around - Fin llamada a método: listarAutores en el controlador: AutorController
27-01-2025 22:28:02.267 [http-nio-9098-exec-8] INFO  [ControllerAspect.java:21] c.g.biblioteca.aop.ControllerAspect.around - Inicia llamada a método: listarAutores en el controlador: AutorController con parametros: []
27-01-2025 22:28:02.270 [http-nio-9098-exec-8] INFO  [ControllerAspect.java:24] c.g.biblioteca.aop.ControllerAspect.around - Fin llamada a método: listarAutores en el controlador: AutorController
27-01-2025 22:28:22.862 [http-nio-9098-exec-4] INFO  [ControllerAspect.java:21] c.g.biblioteca.aop.ControllerAspect.around - Inicia llamada a método: listarAutores en el controlador: AutorController con parametros: []
27-01-2025 22:28:22.862 [http-nio-9098-exec-4] INFO  [ControllerAspect.java:24] c.g.biblioteca.aop.ControllerAspect.around - Fin llamada a método: listarAutores en el controlador: AutorController
27-01-2025 22:28:50.742 [http-nio-9098-exec-9] INFO  [ControllerAspect.java:21] c.g.biblioteca.aop.ControllerAspect.around - Inicia llamada a método: listarAutores en el controlador: AutorController con parametros: []
27-01-2025 22:28:50.745 [http-nio-9098-exec-9] INFO  [ControllerAspect.java:24] c.g.biblioteca.aop.ControllerAspect.around - Fin llamada a método: listarAutores en el controlador: AutorController
27-01-2025 22:30:12.678 [http-nio-9098-exec-1] INFO  [ControllerAspect.java:21] c.g.biblioteca.aop.ControllerAspect.around - Inicia llamada a método: listarAutores en el controlador: AutorController con parametros: []
27-01-2025 22:30:12.682 [http-nio-9098-exec-1] INFO  [ControllerAspect.java:24] c.g.biblioteca.aop.ControllerAspect.around - Fin llamada a método: listarAutores en el controlador: AutorController
27-01-2025 22:30:43.830 [http-nio-9098-exec-2] INFO  [ControllerAspect.java:21] c.g.biblioteca.aop.ControllerAspect.around - Inicia llamada a método: listarAutores en el controlador: AutorController con parametros: []
27-01-2025 22:30:43.830 [http-nio-9098-exec-2] INFO  [ControllerAspect.java:24] c.g.biblioteca.aop.ControllerAspect.around - Fin llamada a método: listarAutores en el controlador: AutorController
27-01-2025 22:32:02.521 [http-nio-9098-exec-6] INFO  [ControllerAspect.java:21] c.g.biblioteca.aop.ControllerAspect.around - Inicia llamada a método: crearAutor en el controlador: AutorController con parametros: [Autor(id=null, nombre=Autor Ejemplo, nacionalidad=Peruana, fechaNacimiento=Wed Dec 31 19:00:00 PET 1969)]
27-01-2025 22:32:02.558 [http-nio-9098-exec-6] WARN  [SqlExceptionHelper.java:145] o.h.e.jdbc.spi.SqlExceptionHelper.logExceptions - SQL Error: 23505, SQLState: 23505
27-01-2025 22:32:02.559 [http-nio-9098-exec-6] ERROR [SqlExceptionHelper.java:150] o.h.e.jdbc.spi.SqlExceptionHelper.logExceptions - Violación de indice de Unicidad ó Clave primaria: "PRIMARY KEY ON PUBLIC.AUTOR(ID) ( /* key:1 */ CAST(1 AS BIGINT), U&'Gabriel Garc\\00eda M\\00e1rquez', 'Colombiana', TIMESTAMP '1927-03-06 00:00:00')"
Unique index or primary key violation: "PRIMARY KEY ON PUBLIC.AUTOR(ID) ( /* key:1 */ CAST(1 AS BIGINT), U&'Gabriel Garc\\00eda M\\00e1rquez', 'Colombiana', TIMESTAMP '1927-03-06 00:00:00')"; SQL statement:
insert into autor (fecha_nacimiento,nacionalidad,nombre,id) values (?,?,?,default) [23505-224]
27-01-2025 22:32:08.951 [http-nio-9098-exec-8] INFO  [ControllerAspect.java:21] c.g.biblioteca.aop.ControllerAspect.around - Inicia llamada a método: crearAutor en el controlador: AutorController con parametros: [Autor(id=null, nombre=Autor Ejemplo, nacionalidad=Peruana, fechaNacimiento=Wed Dec 31 19:00:00 PET 1969)]
27-01-2025 22:32:08.953 [http-nio-9098-exec-8] WARN  [SqlExceptionHelper.java:145] o.h.e.jdbc.spi.SqlExceptionHelper.logExceptions - SQL Error: 23505, SQLState: 23505
27-01-2025 22:32:08.954 [http-nio-9098-exec-8] ERROR [SqlExceptionHelper.java:150] o.h.e.jdbc.spi.SqlExceptionHelper.logExceptions - Violación de indice de Unicidad ó Clave primaria: "PRIMARY KEY ON PUBLIC.AUTOR(ID) ( /* key:2 */ CAST(2 AS BIGINT), 'Jorge Luis Borges', 'Argentina', TIMESTAMP '1899-08-24 00:00:00')"
Unique index or primary key violation: "PRIMARY KEY ON PUBLIC.AUTOR(ID) ( /* key:2 */ CAST(2 AS BIGINT), 'Jorge Luis Borges', 'Argentina', TIMESTAMP '1899-08-24 00:00:00')"; SQL statement:
insert into autor (fecha_nacimiento,nacionalidad,nombre,id) values (?,?,?,default) [23505-224]
27-01-2025 22:32:09.705 [http-nio-9098-exec-9] INFO  [ControllerAspect.java:21] c.g.biblioteca.aop.ControllerAspect.around - Inicia llamada a método: crearAutor en el controlador: AutorController con parametros: [Autor(id=null, nombre=Autor Ejemplo, nacionalidad=Peruana, fechaNacimiento=Wed Dec 31 19:00:00 PET 1969)]
27-01-2025 22:32:09.727 [http-nio-9098-exec-9] INFO  [ControllerAspect.java:24] c.g.biblioteca.aop.ControllerAspect.around - Fin llamada a método: crearAutor en el controlador: AutorController
27-01-2025 22:35:21.641 [http-nio-9098-exec-1] INFO  [ControllerAspect.java:21] c.g.biblioteca.aop.ControllerAspect.around - Inicia llamada a método: listarAutores en el controlador: AutorController con parametros: []
27-01-2025 22:35:21.644 [http-nio-9098-exec-1] INFO  [ControllerAspect.java:24] c.g.biblioteca.aop.ControllerAspect.around - Fin llamada a método: listarAutores en el controlador: AutorController
27-01-2025 22:36:39.232 [http-nio-9098-exec-7] INFO  [ControllerAspect.java:21] c.g.biblioteca.aop.ControllerAspect.around - Inicia llamada a método: actualizarAutor en el controlador: AutorController con parametros: [3, Autor(id=3, nombre=Autor Actualizado, nacionalidad=Chilena, fechaNacimiento=Mon Dec 31 19:00:00 PET 1979)]
27-01-2025 22:36:39.262 [http-nio-9098-exec-7] INFO  [ControllerAspect.java:24] c.g.biblioteca.aop.ControllerAspect.around - Fin llamada a método: actualizarAutor en el controlador: AutorController
27-01-2025 22:38:06.850 [http-nio-9098-exec-4] INFO  [ControllerAspect.java:21] c.g.biblioteca.aop.ControllerAspect.around - Inicia llamada a método: listarAutores en el controlador: AutorController con parametros: []
27-01-2025 22:38:06.850 [http-nio-9098-exec-4] INFO  [ControllerAspect.java:24] c.g.biblioteca.aop.ControllerAspect.around - Fin llamada a método: listarAutores en el controlador: AutorController
27-01-2025 22:38:15.149 [http-nio-9098-exec-10] INFO  [ControllerAspect.java:21] c.g.biblioteca.aop.ControllerAspect.around - Inicia llamada a método: actualizarAutor en el controlador: AutorController con parametros: [3, Autor(id=3, nombre=Autor Actualizado1, nacionalidad=Chilena1, fechaNacimiento=Thu Jan 09 00:00:00 PET 2025)]
27-01-2025 22:38:15.153 [http-nio-9098-exec-10] INFO  [ControllerAspect.java:24] c.g.biblioteca.aop.ControllerAspect.around - Fin llamada a método: actualizarAutor en el controlador: AutorController
27-01-2025 22:38:38.846 [http-nio-9098-exec-1] INFO  [ControllerAspect.java:21] c.g.biblioteca.aop.ControllerAspect.around - Inicia llamada a método: listarAutores en el controlador: AutorController con parametros: []
27-01-2025 22:38:38.851 [http-nio-9098-exec-1] INFO  [ControllerAspect.java:24] c.g.biblioteca.aop.ControllerAspect.around - Fin llamada a método: listarAutores en el controlador: AutorController
27-01-2025 22:41:16.517 [http-nio-9098-exec-5] INFO  [ControllerAspect.java:21] c.g.biblioteca.aop.ControllerAspect.around - Inicia llamada a método: listarAutores en el controlador: AutorController con parametros: []
27-01-2025 22:41:16.521 [http-nio-9098-exec-5] INFO  [ControllerAspect.java:24] c.g.biblioteca.aop.ControllerAspect.around - Fin llamada a método: listarAutores en el controlador: AutorController
27-01-2025 22:42:06.591 [http-nio-9098-exec-6] INFO  [ControllerAspect.java:21] c.g.biblioteca.aop.ControllerAspect.around - Inicia llamada a método: listarAutores en el controlador: AutorController con parametros: []
27-01-2025 22:42:06.601 [http-nio-9098-exec-6] INFO  [ControllerAspect.java:24] c.g.biblioteca.aop.ControllerAspect.around - Fin llamada a método: listarAutores en el controlador: AutorController
27-01-2025 22:42:14.998 [http-nio-9098-exec-8] INFO  [ControllerAspect.java:21] c.g.biblioteca.aop.ControllerAspect.around - Inicia llamada a método: actualizarAutor en el controlador: AutorController con parametros: [3, Autor(id=3, nombre=Autor Actualizado1, nacionalidad=Chilena1, fechaNacimiento=Tue Jan 07 00:00:00 PET 2025)]
27-01-2025 22:42:14.998 [http-nio-9098-exec-8] INFO  [ControllerAspect.java:24] c.g.biblioteca.aop.ControllerAspect.around - Fin llamada a método: actualizarAutor en el controlador: AutorController
27-01-2025 22:42:20.610 [http-nio-9098-exec-4] INFO  [ControllerAspect.java:21] c.g.biblioteca.aop.ControllerAspect.around - Inicia llamada a método: listarAutores en el controlador: AutorController con parametros: []
27-01-2025 22:42:20.615 [http-nio-9098-exec-4] INFO  [ControllerAspect.java:24] c.g.biblioteca.aop.ControllerAspect.around - Fin llamada a método: listarAutores en el controlador: AutorController
27-01-2025 22:42:29.954 [http-nio-9098-exec-9] INFO  [ControllerAspect.java:21] c.g.biblioteca.aop.ControllerAspect.around - Inicia llamada a método: listarAutores en el controlador: AutorController con parametros: []
27-01-2025 22:42:29.960 [http-nio-9098-exec-9] INFO  [ControllerAspect.java:24] c.g.biblioteca.aop.ControllerAspect.around - Fin llamada a método: listarAutores en el controlador: AutorController
27-01-2025 22:42:47.956 [http-nio-9098-exec-10] INFO  [ControllerAspect.java:21] c.g.biblioteca.aop.ControllerAspect.around - Inicia llamada a método: listarAutores en el controlador: AutorController con parametros: []
27-01-2025 22:42:47.956 [http-nio-9098-exec-10] INFO  [ControllerAspect.java:24] c.g.biblioteca.aop.ControllerAspect.around - Fin llamada a método: listarAutores en el controlador: AutorController
27-01-2025 22:42:57.706 [http-nio-9098-exec-1] INFO  [ControllerAspect.java:21] c.g.biblioteca.aop.ControllerAspect.around - Inicia llamada a método: actualizarAutor en el controlador: AutorController con parametros: [3, Autor(id=3, nombre=Autor Actualizado1, nacionalidad=Chilena1, fechaNacimiento=Thu Jan 16 00:00:00 PET 2025)]
27-01-2025 22:42:57.710 [http-nio-9098-exec-1] INFO  [ControllerAspect.java:24] c.g.biblioteca.aop.ControllerAspect.around - Fin llamada a método: actualizarAutor en el controlador: AutorController
27-01-2025 22:42:57.714 [http-nio-9098-exec-2] INFO  [ControllerAspect.java:21] c.g.biblioteca.aop.ControllerAspect.around - Inicia llamada a método: listarAutores en el controlador: AutorController con parametros: []
27-01-2025 22:42:57.721 [http-nio-9098-exec-2] INFO  [ControllerAspect.java:24] c.g.biblioteca.aop.ControllerAspect.around - Fin llamada a método: listarAutores en el controlador: AutorController
27-01-2025 22:43:59.802 [http-nio-9098-exec-5] INFO  [ControllerAspect.java:21] c.g.biblioteca.aop.ControllerAspect.around - Inicia llamada a método: listarAutores en el controlador: AutorController con parametros: []
27-01-2025 22:43:59.806 [http-nio-9098-exec-5] INFO  [ControllerAspect.java:24] c.g.biblioteca.aop.ControllerAspect.around - Fin llamada a método: listarAutores en el controlador: AutorController
27-01-2025 22:44:50.862 [http-nio-9098-exec-7] INFO  [ControllerAspect.java:21] c.g.biblioteca.aop.ControllerAspect.around - Inicia llamada a método: listarAutores en el controlador: AutorController con parametros: []
27-01-2025 22:44:50.868 [http-nio-9098-exec-7] INFO  [ControllerAspect.java:24] c.g.biblioteca.aop.ControllerAspect.around - Fin llamada a método: listarAutores en el controlador: AutorController
27-01-2025 22:44:59.164 [http-nio-9098-exec-4] INFO  [ControllerAspect.java:21] c.g.biblioteca.aop.ControllerAspect.around - Inicia llamada a método: listarAutores en el controlador: AutorController con parametros: []
27-01-2025 22:44:59.168 [http-nio-9098-exec-4] INFO  [ControllerAspect.java:24] c.g.biblioteca.aop.ControllerAspect.around - Fin llamada a método: listarAutores en el controlador: AutorController
27-01-2025 22:52:03.259 [http-nio-9098-exec-10] INFO  [ControllerAspect.java:21] c.g.biblioteca.aop.ControllerAspect.around - Inicia llamada a método: listarAutores en el controlador: AutorController con parametros: []
27-01-2025 22:52:03.264 [http-nio-9098-exec-10] INFO  [ControllerAspect.java:24] c.g.biblioteca.aop.ControllerAspect.around - Fin llamada a método: listarAutores en el controlador: AutorController
27-01-2025 22:54:41.485 [http-nio-9098-exec-3] INFO  [ControllerAspect.java:21] c.g.biblioteca.aop.ControllerAspect.around - Inicia llamada a método: listarLibros en el controlador: LibroController con parametros: []
27-01-2025 22:54:41.508 [http-nio-9098-exec-3] INFO  [ControllerAspect.java:24] c.g.biblioteca.aop.ControllerAspect.around - Fin llamada a método: listarLibros en el controlador: LibroController
27-01-2025 22:56:35.673 [http-nio-9098-exec-6] INFO  [ControllerAspect.java:21] c.g.biblioteca.aop.ControllerAspect.around - Inicia llamada a método: listarAutores en el controlador: AutorController con parametros: []
27-01-2025 22:56:35.679 [http-nio-9098-exec-6] INFO  [ControllerAspect.java:24] c.g.biblioteca.aop.ControllerAspect.around - Fin llamada a método: listarAutores en el controlador: AutorController
27-01-2025 22:56:47.801 [http-nio-9098-exec-7] INFO  [ControllerAspect.java:21] c.g.biblioteca.aop.ControllerAspect.around - Inicia llamada a método: listarAutores en el controlador: AutorController con parametros: []
27-01-2025 22:56:47.805 [http-nio-9098-exec-7] INFO  [ControllerAspect.java:24] c.g.biblioteca.aop.ControllerAspect.around - Fin llamada a método: listarAutores en el controlador: AutorController
27-01-2025 22:57:56.147 [http-nio-9098-exec-4] INFO  [ControllerAspect.java:21] c.g.biblioteca.aop.ControllerAspect.around - Inicia llamada a método: listarAutores en el controlador: AutorController con parametros: []
27-01-2025 22:57:56.147 [http-nio-9098-exec-4] INFO  [ControllerAspect.java:24] c.g.biblioteca.aop.ControllerAspect.around - Fin llamada a método: listarAutores en el controlador: AutorController
27-01-2025 22:58:49.804 [http-nio-9098-exec-1] INFO  [ControllerAspect.java:21] c.g.biblioteca.aop.ControllerAspect.around - Inicia llamada a método: listarAutores en el controlador: AutorController con parametros: []
27-01-2025 22:58:49.808 [http-nio-9098-exec-1] INFO  [ControllerAspect.java:24] c.g.biblioteca.aop.ControllerAspect.around - Fin llamada a método: listarAutores en el controlador: AutorController
27-01-2025 22:59:04.629 [http-nio-9098-exec-2] INFO  [ControllerAspect.java:21] c.g.biblioteca.aop.ControllerAspect.around - Inicia llamada a método: crearAutor en el controlador: AutorController con parametros: [Autor(id=null, nombre=fwef, nacionalidad=wefewf, fechaNacimiento=Wed Jan 03 00:00:00 PEST 1990)]
27-01-2025 22:59:04.646 [http-nio-9098-exec-2] INFO  [ControllerAspect.java:24] c.g.biblioteca.aop.ControllerAspect.around - Fin llamada a método: crearAutor en el controlador: AutorController
27-01-2025 22:59:04.658 [http-nio-9098-exec-3] INFO  [ControllerAspect.java:21] c.g.biblioteca.aop.ControllerAspect.around - Inicia llamada a método: listarAutores en el controlador: AutorController con parametros: []
27-01-2025 22:59:04.663 [http-nio-9098-exec-3] INFO  [ControllerAspect.java:24] c.g.biblioteca.aop.ControllerAspect.around - Fin llamada a método: listarAutores en el controlador: AutorController
27-01-2025 22:59:25.043 [http-nio-9098-exec-5] INFO  [ControllerAspect.java:21] c.g.biblioteca.aop.ControllerAspect.around - Inicia llamada a método: crearAutor en el controlador: AutorController con parametros: [Autor(id=null, nombre=autor, nacionalidad=nacio, fechaNacimiento=Wed Apr 14 00:00:00 PET 1982)]
27-01-2025 22:59:25.047 [http-nio-9098-exec-5] INFO  [ControllerAspect.java:24] c.g.biblioteca.aop.ControllerAspect.around - Fin llamada a método: crearAutor en el controlador: AutorController
27-01-2025 22:59:25.062 [http-nio-9098-exec-6] INFO  [ControllerAspect.java:21] c.g.biblioteca.aop.ControllerAspect.around - Inicia llamada a método: listarAutores en el controlador: AutorController con parametros: []
27-01-2025 22:59:25.067 [http-nio-9098-exec-6] INFO  [ControllerAspect.java:24] c.g.biblioteca.aop.ControllerAspect.around - Fin llamada a método: listarAutores en el controlador: AutorController
27-01-2025 22:59:32.985 [http-nio-9098-exec-8] INFO  [ControllerAspect.java:21] c.g.biblioteca.aop.ControllerAspect.around - Inicia llamada a método: actualizarAutor en el controlador: AutorController con parametros: [5, Autor(id=5, nombre=autor123, nacionalidad=nacio123, fechaNacimiento=Wed Apr 14 00:00:00 PET 1982)]
27-01-2025 22:59:32.991 [http-nio-9098-exec-8] INFO  [ControllerAspect.java:24] c.g.biblioteca.aop.ControllerAspect.around - Fin llamada a método: actualizarAutor en el controlador: AutorController
27-01-2025 22:59:32.999 [http-nio-9098-exec-4] INFO  [ControllerAspect.java:21] c.g.biblioteca.aop.ControllerAspect.around - Inicia llamada a método: listarAutores en el controlador: AutorController con parametros: []
27-01-2025 22:59:33.002 [http-nio-9098-exec-4] INFO  [ControllerAspect.java:24] c.g.biblioteca.aop.ControllerAspect.around - Fin llamada a método: listarAutores en el controlador: AutorController
27-01-2025 23:04:30.663 [http-nio-9098-exec-10] INFO  [ControllerAspect.java:21] c.g.biblioteca.aop.ControllerAspect.around - Inicia llamada a método: listarAutores en el controlador: AutorController con parametros: []
27-01-2025 23:04:30.669 [http-nio-9098-exec-10] INFO  [ControllerAspect.java:24] c.g.biblioteca.aop.ControllerAspect.around - Fin llamada a método: listarAutores en el controlador: AutorController
27-01-2025 23:04:33.788 [http-nio-9098-exec-1] INFO  [ControllerAspect.java:21] c.g.biblioteca.aop.ControllerAspect.around - Inicia llamada a método: listarAutores en el controlador: AutorController con parametros: []
27-01-2025 23:04:33.793 [http-nio-9098-exec-1] INFO  [ControllerAspect.java:24] c.g.biblioteca.aop.ControllerAspect.around - Fin llamada a método: listarAutores en el controlador: AutorController
27-01-2025 23:04:34.585 [http-nio-9098-exec-2] INFO  [ControllerAspect.java:21] c.g.biblioteca.aop.ControllerAspect.around - Inicia llamada a método: listarAutores en el controlador: AutorController con parametros: []
27-01-2025 23:04:34.589 [http-nio-9098-exec-2] INFO  [ControllerAspect.java:24] c.g.biblioteca.aop.ControllerAspect.around - Fin llamada a método: listarAutores en el controlador: AutorController
27-01-2025 23:04:59.379 [http-nio-9098-exec-3] INFO  [ControllerAspect.java:21] c.g.biblioteca.aop.ControllerAspect.around - Inicia llamada a método: listarAutores en el controlador: AutorController con parametros: []
27-01-2025 23:04:59.383 [http-nio-9098-exec-3] INFO  [ControllerAspect.java:24] c.g.biblioteca.aop.ControllerAspect.around - Fin llamada a método: listarAutores en el controlador: AutorController
27-01-2025 23:05:32.080 [http-nio-9098-exec-5] INFO  [ControllerAspect.java:21] c.g.biblioteca.aop.ControllerAspect.around - Inicia llamada a método: listarAutores en el controlador: AutorController con parametros: []
27-01-2025 23:05:32.085 [http-nio-9098-exec-5] INFO  [ControllerAspect.java:24] c.g.biblioteca.aop.ControllerAspect.around - Fin llamada a método: listarAutores en el controlador: AutorController
27-01-2025 23:05:41.975 [http-nio-9098-exec-6] INFO  [ControllerAspect.java:21] c.g.biblioteca.aop.ControllerAspect.around - Inicia llamada a método: listarAutores en el controlador: AutorController con parametros: []
27-01-2025 23:05:41.980 [http-nio-9098-exec-6] INFO  [ControllerAspect.java:24] c.g.biblioteca.aop.ControllerAspect.around - Fin llamada a método: listarAutores en el controlador: AutorController
27-01-2025 23:05:46.797 [http-nio-9098-exec-7] INFO  [ControllerAspect.java:21] c.g.biblioteca.aop.ControllerAspect.around - Inicia llamada a método: listarAutores en el controlador: AutorController con parametros: []
27-01-2025 23:05:46.804 [http-nio-9098-exec-7] INFO  [ControllerAspect.java:24] c.g.biblioteca.aop.ControllerAspect.around - Fin llamada a método: listarAutores en el controlador: AutorController
27-01-2025 23:05:47.973 [http-nio-9098-exec-8] INFO  [ControllerAspect.java:21] c.g.biblioteca.aop.ControllerAspect.around - Inicia llamada a método: listarAutores en el controlador: AutorController con parametros: []
27-01-2025 23:05:47.978 [http-nio-9098-exec-8] INFO  [ControllerAspect.java:24] c.g.biblioteca.aop.ControllerAspect.around - Fin llamada a método: listarAutores en el controlador: AutorController
27-01-2025 23:06:11.833 [http-nio-9098-exec-9] INFO  [ControllerAspect.java:21] c.g.biblioteca.aop.ControllerAspect.around - Inicia llamada a método: listarLibros en el controlador: LibroController con parametros: []
27-01-2025 23:06:11.837 [http-nio-9098-exec-9] INFO  [ControllerAspect.java:24] c.g.biblioteca.aop.ControllerAspect.around - Fin llamada a método: listarLibros en el controlador: LibroController
27-01-2025 23:06:48.707 [http-nio-9098-exec-10] INFO  [ControllerAspect.java:21] c.g.biblioteca.aop.ControllerAspect.around - Inicia llamada a método: listarLibros en el controlador: LibroController con parametros: []
27-01-2025 23:06:48.712 [http-nio-9098-exec-10] INFO  [ControllerAspect.java:24] c.g.biblioteca.aop.ControllerAspect.around - Fin llamada a método: listarLibros en el controlador: LibroController
27-01-2025 23:07:06.084 [http-nio-9098-exec-1] INFO  [ControllerAspect.java:21] c.g.biblioteca.aop.ControllerAspect.around - Inicia llamada a método: listarLibros en el controlador: LibroController con parametros: []
27-01-2025 23:07:06.088 [http-nio-9098-exec-1] INFO  [ControllerAspect.java:24] c.g.biblioteca.aop.ControllerAspect.around - Fin llamada a método: listarLibros en el controlador: LibroController
27-01-2025 23:08:25.864 [http-nio-9098-exec-3] INFO  [ControllerAspect.java:21] c.g.biblioteca.aop.ControllerAspect.around - Inicia llamada a método: listarLibros en el controlador: LibroController con parametros: []
27-01-2025 23:08:25.869 [http-nio-9098-exec-3] INFO  [ControllerAspect.java:24] c.g.biblioteca.aop.ControllerAspect.around - Fin llamada a método: listarLibros en el controlador: LibroController
27-01-2025 23:10:31.619 [http-nio-9098-exec-6] INFO  [ControllerAspect.java:21] c.g.biblioteca.aop.ControllerAspect.around - Inicia llamada a método: listarLibros en el controlador: LibroController con parametros: []
27-01-2025 23:10:31.620 [http-nio-9098-exec-6] INFO  [ControllerAspect.java:24] c.g.biblioteca.aop.ControllerAspect.around - Fin llamada a método: listarLibros en el controlador: LibroController
27-01-2025 23:12:21.756 [http-nio-9098-exec-8] INFO  [ControllerAspect.java:21] c.g.biblioteca.aop.ControllerAspect.around - Inicia llamada a método: listarLibros en el controlador: LibroController con parametros: []
27-01-2025 23:12:21.763 [http-nio-9098-exec-8] INFO  [ControllerAspect.java:24] c.g.biblioteca.aop.ControllerAspect.around - Fin llamada a método: listarLibros en el controlador: LibroController
27-01-2025 23:12:26.939 [http-nio-9098-exec-9] INFO  [ControllerAspect.java:21] c.g.biblioteca.aop.ControllerAspect.around - Inicia llamada a método: listarAutores en el controlador: AutorController con parametros: []
27-01-2025 23:12:26.947 [http-nio-9098-exec-9] INFO  [ControllerAspect.java:24] c.g.biblioteca.aop.ControllerAspect.around - Fin llamada a método: listarAutores en el controlador: AutorController
27-01-2025 23:12:56.828 [http-nio-9098-exec-10] INFO  [ControllerAspect.java:21] c.g.biblioteca.aop.ControllerAspect.around - Inicia llamada a método: listarLibros en el controlador: LibroController con parametros: []
27-01-2025 23:12:56.884 [http-nio-9098-exec-10] INFO  [ControllerAspect.java:24] c.g.biblioteca.aop.ControllerAspect.around - Fin llamada a método: listarLibros en el controlador: LibroController
27-01-2025 23:13:01.271 [http-nio-9098-exec-1] INFO  [ControllerAspect.java:21] c.g.biblioteca.aop.ControllerAspect.around - Inicia llamada a método: listarAutores en el controlador: AutorController con parametros: []
27-01-2025 23:13:01.271 [http-nio-9098-exec-1] INFO  [ControllerAspect.java:24] c.g.biblioteca.aop.ControllerAspect.around - Fin llamada a método: listarAutores en el controlador: AutorController
27-01-2025 23:13:34.887 [http-nio-9098-exec-2] INFO  [ControllerAspect.java:21] c.g.biblioteca.aop.ControllerAspect.around - Inicia llamada a método: listarLibros en el controlador: LibroController con parametros: []
27-01-2025 23:13:34.897 [http-nio-9098-exec-2] INFO  [ControllerAspect.java:24] c.g.biblioteca.aop.ControllerAspect.around - Fin llamada a método: listarLibros en el controlador: LibroController
27-01-2025 23:13:37.123 [http-nio-9098-exec-3] INFO  [ControllerAspect.java:21] c.g.biblioteca.aop.ControllerAspect.around - Inicia llamada a método: listarAutores en el controlador: AutorController con parametros: []
27-01-2025 23:13:37.191 [http-nio-9098-exec-3] INFO  [ControllerAspect.java:24] c.g.biblioteca.aop.ControllerAspect.around - Fin llamada a método: listarAutores en el controlador: AutorController
27-01-2025 23:13:59.719 [http-nio-9098-exec-5] INFO  [ControllerAspect.java:21] c.g.biblioteca.aop.ControllerAspect.around - Inicia llamada a método: listarLibros en el controlador: LibroController con parametros: []
27-01-2025 23:13:59.753 [http-nio-9098-exec-5] INFO  [ControllerAspect.java:24] c.g.biblioteca.aop.ControllerAspect.around - Fin llamada a método: listarLibros en el controlador: LibroController
27-01-2025 23:14:00.878 [http-nio-9098-exec-6] INFO  [ControllerAspect.java:21] c.g.biblioteca.aop.ControllerAspect.around - Inicia llamada a método: listarAutores en el controlador: AutorController con parametros: []
27-01-2025 23:14:00.884 [http-nio-9098-exec-6] INFO  [ControllerAspect.java:24] c.g.biblioteca.aop.ControllerAspect.around - Fin llamada a método: listarAutores en el controlador: AutorController
27-01-2025 23:14:23.503 [http-nio-9098-exec-7] INFO  [ControllerAspect.java:21] c.g.biblioteca.aop.ControllerAspect.around - Inicia llamada a método: listarLibros en el controlador: LibroController con parametros: []
27-01-2025 23:14:23.519 [http-nio-9098-exec-7] INFO  [ControllerAspect.java:24] c.g.biblioteca.aop.ControllerAspect.around - Fin llamada a método: listarLibros en el controlador: LibroController
27-01-2025 23:14:27.508 [http-nio-9098-exec-8] INFO  [ControllerAspect.java:21] c.g.biblioteca.aop.ControllerAspect.around - Inicia llamada a método: listarAutores en el controlador: AutorController con parametros: []
27-01-2025 23:14:27.513 [http-nio-9098-exec-8] INFO  [ControllerAspect.java:24] c.g.biblioteca.aop.ControllerAspect.around - Fin llamada a método: listarAutores en el controlador: AutorController
27-01-2025 23:15:12.181 [http-nio-9098-exec-4] INFO  [ControllerAspect.java:21] c.g.biblioteca.aop.ControllerAspect.around - Inicia llamada a método: listarLibros en el controlador: LibroController con parametros: []
27-01-2025 23:15:12.190 [http-nio-9098-exec-4] INFO  [ControllerAspect.java:24] c.g.biblioteca.aop.ControllerAspect.around - Fin llamada a método: listarLibros en el controlador: LibroController
27-01-2025 23:15:15.447 [http-nio-9098-exec-9] INFO  [ControllerAspect.java:21] c.g.biblioteca.aop.ControllerAspect.around - Inicia llamada a método: listarAutores en el controlador: AutorController con parametros: []
27-01-2025 23:15:15.456 [http-nio-9098-exec-9] INFO  [ControllerAspect.java:24] c.g.biblioteca.aop.ControllerAspect.around - Fin llamada a método: listarAutores en el controlador: AutorController
27-01-2025 23:15:42.759 [http-nio-9098-exec-10] INFO  [ControllerAspect.java:21] c.g.biblioteca.aop.ControllerAspect.around - Inicia llamada a método: listarLibros en el controlador: LibroController con parametros: []
27-01-2025 23:15:42.768 [http-nio-9098-exec-10] INFO  [ControllerAspect.java:24] c.g.biblioteca.aop.ControllerAspect.around - Fin llamada a método: listarLibros en el controlador: LibroController
27-01-2025 23:15:44.570 [http-nio-9098-exec-1] INFO  [ControllerAspect.java:21] c.g.biblioteca.aop.ControllerAspect.around - Inicia llamada a método: listarAutores en el controlador: AutorController con parametros: []
27-01-2025 23:15:44.578 [http-nio-9098-exec-1] INFO  [ControllerAspect.java:24] c.g.biblioteca.aop.ControllerAspect.around - Fin llamada a método: listarAutores en el controlador: AutorController
27-01-2025 23:15:54.002 [http-nio-9098-exec-2] INFO  [ControllerAspect.java:21] c.g.biblioteca.aop.ControllerAspect.around - Inicia llamada a método: listarLibros en el controlador: LibroController con parametros: []
27-01-2025 23:15:54.016 [http-nio-9098-exec-2] INFO  [ControllerAspect.java:24] c.g.biblioteca.aop.ControllerAspect.around - Fin llamada a método: listarLibros en el controlador: LibroController
27-01-2025 23:16:07.986 [http-nio-9098-exec-3] INFO  [ControllerAspect.java:21] c.g.biblioteca.aop.ControllerAspect.around - Inicia llamada a método: listarAutores en el controlador: AutorController con parametros: []
27-01-2025 23:16:07.987 [http-nio-9098-exec-3] INFO  [ControllerAspect.java:24] c.g.biblioteca.aop.ControllerAspect.around - Fin llamada a método: listarAutores en el controlador: AutorController
27-01-2025 23:16:25.711 [http-nio-9098-exec-5] INFO  [ControllerAspect.java:21] c.g.biblioteca.aop.ControllerAspect.around - Inicia llamada a método: listarLibros en el controlador: LibroController con parametros: []
27-01-2025 23:16:25.715 [http-nio-9098-exec-5] INFO  [ControllerAspect.java:24] c.g.biblioteca.aop.ControllerAspect.around - Fin llamada a método: listarLibros en el controlador: LibroController
27-01-2025 23:16:29.182 [http-nio-9098-exec-6] INFO  [ControllerAspect.java:21] c.g.biblioteca.aop.ControllerAspect.around - Inicia llamada a método: listarAutores en el controlador: AutorController con parametros: []
27-01-2025 23:16:29.182 [http-nio-9098-exec-6] INFO  [ControllerAspect.java:24] c.g.biblioteca.aop.ControllerAspect.around - Fin llamada a método: listarAutores en el controlador: AutorController
27-01-2025 23:16:38.166 [http-nio-9098-exec-7] INFO  [ControllerAspect.java:21] c.g.biblioteca.aop.ControllerAspect.around - Inicia llamada a método: listarAutores en el controlador: AutorController con parametros: []
27-01-2025 23:16:38.172 [http-nio-9098-exec-7] INFO  [ControllerAspect.java:24] c.g.biblioteca.aop.ControllerAspect.around - Fin llamada a método: listarAutores en el controlador: AutorController
27-01-2025 23:17:01.709 [http-nio-9098-exec-8] INFO  [ControllerAspect.java:21] c.g.biblioteca.aop.ControllerAspect.around - Inicia llamada a método: listarLibros en el controlador: LibroController con parametros: []
27-01-2025 23:17:01.719 [http-nio-9098-exec-8] INFO  [ControllerAspect.java:24] c.g.biblioteca.aop.ControllerAspect.around - Fin llamada a método: listarLibros en el controlador: LibroController
27-01-2025 23:17:04.672 [http-nio-9098-exec-4] INFO  [ControllerAspect.java:21] c.g.biblioteca.aop.ControllerAspect.around - Inicia llamada a método: listarAutores en el controlador: AutorController con parametros: []
27-01-2025 23:17:04.682 [http-nio-9098-exec-4] INFO  [ControllerAspect.java:24] c.g.biblioteca.aop.ControllerAspect.around - Fin llamada a método: listarAutores en el controlador: AutorController
27-01-2025 23:17:08.984 [http-nio-9098-exec-9] INFO  [ControllerAspect.java:21] c.g.biblioteca.aop.ControllerAspect.around - Inicia llamada a método: listarAutores en el controlador: AutorController con parametros: []
27-01-2025 23:17:08.987 [http-nio-9098-exec-9] INFO  [ControllerAspect.java:24] c.g.biblioteca.aop.ControllerAspect.around - Fin llamada a método: listarAutores en el controlador: AutorController
27-01-2025 23:17:14.701 [http-nio-9098-exec-10] INFO  [ControllerAspect.java:21] c.g.biblioteca.aop.ControllerAspect.around - Inicia llamada a método: listarAutores en el controlador: AutorController con parametros: []
27-01-2025 23:17:14.705 [http-nio-9098-exec-10] INFO  [ControllerAspect.java:24] c.g.biblioteca.aop.ControllerAspect.around - Fin llamada a método: listarAutores en el controlador: AutorController
27-01-2025 23:17:20.154 [http-nio-9098-exec-1] INFO  [ControllerAspect.java:21] c.g.biblioteca.aop.ControllerAspect.around - Inicia llamada a método: crearLibro en el controlador: LibroController con parametros: [Libro(id=null, titulo=rwerwer, idAutor=5, isbn=123213, fechaPublicacion=Mon Jan 27 23:17:14 PET 2025, estado=null)]
27-01-2025 23:17:20.175 [http-nio-9098-exec-1] WARN  [SqlExceptionHelper.java:145] o.h.e.jdbc.spi.SqlExceptionHelper.logExceptions - SQL Error: 23505, SQLState: 23505
27-01-2025 23:17:20.177 [http-nio-9098-exec-1] ERROR [SqlExceptionHelper.java:150] o.h.e.jdbc.spi.SqlExceptionHelper.logExceptions - Violación de indice de Unicidad ó Clave primaria: "PRIMARY KEY ON PUBLIC.LIBRO(ID) ( /* key:1 */ CAST(1 AS BIGINT), 'El Quijote', CAST(2 AS BIGINT), '978-1234567890', TIMESTAMP '1605-01-16 00:00:00', 'Disponible')"
Unique index or primary key violation: "PRIMARY KEY ON PUBLIC.LIBRO(ID) ( /* key:1 */ CAST(1 AS BIGINT), 'El Quijote', CAST(2 AS BIGINT), '978-1234567890', TIMESTAMP '1605-01-16 00:00:00', 'Disponible')"; SQL statement:
insert into libro (estado,fecha_publicacion,id_autor,isbn,titulo,id) values (?,?,?,?,?,default) [23505-224]
27-01-2025 23:17:34.796 [http-nio-9098-exec-2] INFO  [ControllerAspect.java:21] c.g.biblioteca.aop.ControllerAspect.around - Inicia llamada a método: crearLibro en el controlador: LibroController con parametros: [Libro(id=null, titulo=rwerwer, idAutor=5, isbn=123213, fechaPublicacion=Mon Jan 27 23:17:14 PET 2025, estado=null)]
27-01-2025 23:17:34.798 [http-nio-9098-exec-2] WARN  [SqlExceptionHelper.java:145] o.h.e.jdbc.spi.SqlExceptionHelper.logExceptions - SQL Error: 23505, SQLState: 23505
27-01-2025 23:17:34.798 [http-nio-9098-exec-2] ERROR [SqlExceptionHelper.java:150] o.h.e.jdbc.spi.SqlExceptionHelper.logExceptions - Violación de indice de Unicidad ó Clave primaria: "PRIMARY KEY ON PUBLIC.LIBRO(ID) ( /* key:2 */ CAST(2 AS BIGINT), U&'Cien A\\00f1os de Soledad', CAST(1 AS BIGINT), '978-9876543210', TIMESTAMP '1967-05-30 00:00:00', 'Disponible')"
Unique index or primary key violation: "PRIMARY KEY ON PUBLIC.LIBRO(ID) ( /* key:2 */ CAST(2 AS BIGINT), U&'Cien A\\00f1os de Soledad', CAST(1 AS BIGINT), '978-9876543210', TIMESTAMP '1967-05-30 00:00:00', 'Disponible')"; SQL statement:
insert into libro (estado,fecha_publicacion,id_autor,isbn,titulo,id) values (?,?,?,?,?,default) [23505-224]
27-01-2025 23:17:36.386 [http-nio-9098-exec-3] INFO  [ControllerAspect.java:21] c.g.biblioteca.aop.ControllerAspect.around - Inicia llamada a método: crearLibro en el controlador: LibroController con parametros: [Libro(id=null, titulo=rwerwer, idAutor=5, isbn=123213, fechaPublicacion=Mon Jan 27 23:17:14 PET 2025, estado=null)]
27-01-2025 23:17:36.395 [http-nio-9098-exec-3] INFO  [ControllerAspect.java:24] c.g.biblioteca.aop.ControllerAspect.around - Fin llamada a método: crearLibro en el controlador: LibroController
27-01-2025 23:17:36.411 [http-nio-9098-exec-5] INFO  [ControllerAspect.java:21] c.g.biblioteca.aop.ControllerAspect.around - Inicia llamada a método: listarLibros en el controlador: LibroController con parametros: []
27-01-2025 23:17:36.415 [http-nio-9098-exec-5] INFO  [ControllerAspect.java:24] c.g.biblioteca.aop.ControllerAspect.around - Fin llamada a método: listarLibros en el controlador: LibroController
27-01-2025 23:17:40.389 [http-nio-9098-exec-6] INFO  [ControllerAspect.java:21] c.g.biblioteca.aop.ControllerAspect.around - Inicia llamada a método: listarAutores en el controlador: AutorController con parametros: []
27-01-2025 23:17:40.389 [http-nio-9098-exec-6] INFO  [ControllerAspect.java:24] c.g.biblioteca.aop.ControllerAspect.around - Fin llamada a método: listarAutores en el controlador: AutorController
27-01-2025 23:17:45.469 [http-nio-9098-exec-7] INFO  [ControllerAspect.java:21] c.g.biblioteca.aop.ControllerAspect.around - Inicia llamada a método: listarAutores en el controlador: AutorController con parametros: []
27-01-2025 23:17:45.469 [http-nio-9098-exec-7] INFO  [ControllerAspect.java:24] c.g.biblioteca.aop.ControllerAspect.around - Fin llamada a método: listarAutores en el controlador: AutorController
27-01-2025 23:18:44.587 [http-nio-9098-exec-8] INFO  [ControllerAspect.java:21] c.g.biblioteca.aop.ControllerAspect.around - Inicia llamada a método: listarLibros en el controlador: LibroController con parametros: []
27-01-2025 23:18:44.593 [http-nio-9098-exec-8] INFO  [ControllerAspect.java:24] c.g.biblioteca.aop.ControllerAspect.around - Fin llamada a método: listarLibros en el controlador: LibroController
27-01-2025 23:19:24.582 [http-nio-9098-exec-4] INFO  [ControllerAspect.java:21] c.g.biblioteca.aop.ControllerAspect.around - Inicia llamada a método: listarLibros en el controlador: LibroController con parametros: []
27-01-2025 23:19:24.582 [http-nio-9098-exec-4] INFO  [ControllerAspect.java:24] c.g.biblioteca.aop.ControllerAspect.around - Fin llamada a método: listarLibros en el controlador: LibroController
27-01-2025 23:20:36.326 [http-nio-9098-exec-10] INFO  [ControllerAspect.java:21] c.g.biblioteca.aop.ControllerAspect.around - Inicia llamada a método: listarLibros en el controlador: LibroController con parametros: []
27-01-2025 23:20:36.335 [http-nio-9098-exec-10] INFO  [ControllerAspect.java:24] c.g.biblioteca.aop.ControllerAspect.around - Fin llamada a método: listarLibros en el controlador: LibroController
27-01-2025 23:20:44.758 [http-nio-9098-exec-1] INFO  [ControllerAspect.java:21] c.g.biblioteca.aop.ControllerAspect.around - Inicia llamada a método: listarLibros en el controlador: LibroController con parametros: []
27-01-2025 23:20:44.763 [http-nio-9098-exec-1] INFO  [ControllerAspect.java:24] c.g.biblioteca.aop.ControllerAspect.around - Fin llamada a método: listarLibros en el controlador: LibroController
27-01-2025 23:21:20.066 [http-nio-9098-exec-2] INFO  [ControllerAspect.java:21] c.g.biblioteca.aop.ControllerAspect.around - Inicia llamada a método: listarLibros en el controlador: LibroController con parametros: []
27-01-2025 23:21:20.068 [http-nio-9098-exec-2] INFO  [ControllerAspect.java:24] c.g.biblioteca.aop.ControllerAspect.around - Fin llamada a método: listarLibros en el controlador: LibroController
27-01-2025 23:21:28.184 [http-nio-9098-exec-3] INFO  [ControllerAspect.java:21] c.g.biblioteca.aop.ControllerAspect.around - Inicia llamada a método: listarLibros en el controlador: LibroController con parametros: []
27-01-2025 23:21:28.193 [http-nio-9098-exec-3] INFO  [ControllerAspect.java:24] c.g.biblioteca.aop.ControllerAspect.around - Fin llamada a método: listarLibros en el controlador: LibroController
27-01-2025 23:22:52.635 [http-nio-9098-exec-6] INFO  [ControllerAspect.java:21] c.g.biblioteca.aop.ControllerAspect.around - Inicia llamada a método: listarLibros en el controlador: LibroController con parametros: []
27-01-2025 23:22:52.640 [http-nio-9098-exec-6] INFO  [ControllerAspect.java:24] c.g.biblioteca.aop.ControllerAspect.around - Fin llamada a método: listarLibros en el controlador: LibroController
27-01-2025 23:23:23.765 [http-nio-9098-exec-7] INFO  [ControllerAspect.java:21] c.g.biblioteca.aop.ControllerAspect.around - Inicia llamada a método: listarLibros en el controlador: LibroController con parametros: []
27-01-2025 23:23:23.774 [http-nio-9098-exec-7] INFO  [ControllerAspect.java:24] c.g.biblioteca.aop.ControllerAspect.around - Fin llamada a método: listarLibros en el controlador: LibroController
27-01-2025 23:23:46.036 [http-nio-9098-exec-8] INFO  [ControllerAspect.java:21] c.g.biblioteca.aop.ControllerAspect.around - Inicia llamada a método: listarLibros en el controlador: LibroController con parametros: []
27-01-2025 23:23:46.042 [http-nio-9098-exec-8] INFO  [ControllerAspect.java:24] c.g.biblioteca.aop.ControllerAspect.around - Fin llamada a método: listarLibros en el controlador: LibroController
27-01-2025 23:23:51.475 [http-nio-9098-exec-4] INFO  [ControllerAspect.java:21] c.g.biblioteca.aop.ControllerAspect.around - Inicia llamada a método: listarLibros en el controlador: LibroController con parametros: []
27-01-2025 23:23:51.482 [http-nio-9098-exec-4] INFO  [ControllerAspect.java:24] c.g.biblioteca.aop.ControllerAspect.around - Fin llamada a método: listarLibros en el controlador: LibroController
27-01-2025 23:24:37.695 [http-nio-9098-exec-9] INFO  [ControllerAspect.java:21] c.g.biblioteca.aop.ControllerAspect.around - Inicia llamada a método: listarLibros en el controlador: LibroController con parametros: []
27-01-2025 23:24:37.710 [http-nio-9098-exec-9] INFO  [ControllerAspect.java:24] c.g.biblioteca.aop.ControllerAspect.around - Fin llamada a método: listarLibros en el controlador: LibroController
27-01-2025 23:24:56.378 [http-nio-9098-exec-10] INFO  [ControllerAspect.java:21] c.g.biblioteca.aop.ControllerAspect.around - Inicia llamada a método: listarLibros en el controlador: LibroController con parametros: []
27-01-2025 23:24:56.389 [http-nio-9098-exec-10] INFO  [ControllerAspect.java:24] c.g.biblioteca.aop.ControllerAspect.around - Fin llamada a método: listarLibros en el controlador: LibroController
27-01-2025 23:25:45.585 [http-nio-9098-exec-1] INFO  [ControllerAspect.java:21] c.g.biblioteca.aop.ControllerAspect.around - Inicia llamada a método: listarLibros en el controlador: LibroController con parametros: []
27-01-2025 23:25:45.589 [http-nio-9098-exec-1] INFO  [ControllerAspect.java:24] c.g.biblioteca.aop.ControllerAspect.around - Fin llamada a método: listarLibros en el controlador: LibroController
27-01-2025 23:26:20.576 [http-nio-9098-exec-2] INFO  [ControllerAspect.java:21] c.g.biblioteca.aop.ControllerAspect.around - Inicia llamada a método: listarLibros en el controlador: LibroController con parametros: []
27-01-2025 23:26:20.600 [http-nio-9098-exec-2] INFO  [ControllerAspect.java:24] c.g.biblioteca.aop.ControllerAspect.around - Fin llamada a método: listarLibros en el controlador: LibroController
27-01-2025 23:26:28.338 [http-nio-9098-exec-5] INFO  [ControllerAspect.java:21] c.g.biblioteca.aop.ControllerAspect.around - Inicia llamada a método: eliminarLibro en el controlador: LibroController con parametros: [3]
27-01-2025 23:26:28.995 [http-nio-9098-exec-5] INFO  [ControllerAspect.java:24] c.g.biblioteca.aop.ControllerAspect.around - Fin llamada a método: eliminarLibro en el controlador: LibroController
27-01-2025 23:26:42.205 [http-nio-9098-exec-6] INFO  [ControllerAspect.java:21] c.g.biblioteca.aop.ControllerAspect.around - Inicia llamada a método: listarLibros en el controlador: LibroController con parametros: []
27-01-2025 23:26:42.213 [http-nio-9098-exec-6] INFO  [ControllerAspect.java:24] c.g.biblioteca.aop.ControllerAspect.around - Fin llamada a método: listarLibros en el controlador: LibroController
27-01-2025 23:27:00.014 [http-nio-9098-exec-7] INFO  [ControllerAspect.java:21] c.g.biblioteca.aop.ControllerAspect.around - Inicia llamada a método: listarLibros en el controlador: LibroController con parametros: []
27-01-2025 23:27:00.019 [http-nio-9098-exec-7] INFO  [ControllerAspect.java:24] c.g.biblioteca.aop.ControllerAspect.around - Fin llamada a método: listarLibros en el controlador: LibroController
27-01-2025 23:27:03.767 [http-nio-9098-exec-8] INFO  [ControllerAspect.java:21] c.g.biblioteca.aop.ControllerAspect.around - Inicia llamada a método: listarLibros en el controlador: LibroController con parametros: []
27-01-2025 23:27:03.769 [http-nio-9098-exec-8] INFO  [ControllerAspect.java:24] c.g.biblioteca.aop.ControllerAspect.around - Fin llamada a método: listarLibros en el controlador: LibroController
27-01-2025 23:43:27.734 [http-nio-9098-exec-10] INFO  [ControllerAspect.java:21] c.g.biblioteca.aop.ControllerAspect.around - Inicia llamada a método: listarLibros en el controlador: LibroController con parametros: []
27-01-2025 23:43:27.734 [http-nio-9098-exec-10] INFO  [ControllerAspect.java:24] c.g.biblioteca.aop.ControllerAspect.around - Fin llamada a método: listarLibros en el controlador: LibroController
27-01-2025 23:43:50.086 [http-nio-9098-exec-1] INFO  [ControllerAspect.java:21] c.g.biblioteca.aop.ControllerAspect.around - Inicia llamada a método: listarLibros en el controlador: LibroController con parametros: []
27-01-2025 23:43:50.092 [http-nio-9098-exec-1] INFO  [ControllerAspect.java:24] c.g.biblioteca.aop.ControllerAspect.around - Fin llamada a método: listarLibros en el controlador: LibroController
27-01-2025 23:43:51.756 [http-nio-9098-exec-2] INFO  [ControllerAspect.java:21] c.g.biblioteca.aop.ControllerAspect.around - Inicia llamada a método: listarLibros en el controlador: LibroController con parametros: []
27-01-2025 23:43:51.762 [http-nio-9098-exec-2] INFO  [ControllerAspect.java:24] c.g.biblioteca.aop.ControllerAspect.around - Fin llamada a método: listarLibros en el controlador: LibroController
27-01-2025 23:44:38.576 [http-nio-9098-exec-5] INFO  [ControllerAspect.java:21] c.g.biblioteca.aop.ControllerAspect.around - Inicia llamada a método: listarPrestamos en el controlador: PrestamoController con parametros: []
27-01-2025 23:44:38.598 [http-nio-9098-exec-5] INFO  [ControllerAspect.java:24] c.g.biblioteca.aop.ControllerAspect.around - Fin llamada a método: listarPrestamos en el controlador: PrestamoController
27-01-2025 23:44:46.447 [http-nio-9098-exec-7] INFO  [ControllerAspect.java:21] c.g.biblioteca.aop.ControllerAspect.around - Inicia llamada a método: crearPrestamo en el controlador: PrestamoController con parametros: [Prestamo(id=null, idLibro=2, fechaPrestamo=Tue Jan 14 19:00:00 PET 2025, fechaDevolucion=null, estado=ACTIVO)]
27-01-2025 23:44:46.531 [http-nio-9098-exec-7] INFO  [ControllerAspect.java:24] c.g.biblioteca.aop.ControllerAspect.around - Fin llamada a método: crearPrestamo en el controlador: PrestamoController
27-01-2025 23:44:51.758 [http-nio-9098-exec-8] INFO  [ControllerAspect.java:21] c.g.biblioteca.aop.ControllerAspect.around - Inicia llamada a método: listarPrestamos en el controlador: PrestamoController con parametros: []
27-01-2025 23:44:51.769 [http-nio-9098-exec-8] INFO  [ControllerAspect.java:24] c.g.biblioteca.aop.ControllerAspect.around - Fin llamada a método: listarPrestamos en el controlador: PrestamoController
27-01-2025 23:44:54.709 [http-nio-9098-exec-4] INFO  [ControllerAspect.java:21] c.g.biblioteca.aop.ControllerAspect.around - Inicia llamada a método: listarPrestamos en el controlador: PrestamoController con parametros: []
27-01-2025 23:44:54.715 [http-nio-9098-exec-4] INFO  [ControllerAspect.java:24] c.g.biblioteca.aop.ControllerAspect.around - Fin llamada a método: listarPrestamos en el controlador: PrestamoController
27-01-2025 23:45:27.581 [http-nio-9098-exec-9] INFO  [ControllerAspect.java:21] c.g.biblioteca.aop.ControllerAspect.around - Inicia llamada a método: listarPrestamos en el controlador: PrestamoController con parametros: []
27-01-2025 23:45:27.584 [http-nio-9098-exec-9] INFO  [ControllerAspect.java:24] c.g.biblioteca.aop.ControllerAspect.around - Fin llamada a método: listarPrestamos en el controlador: PrestamoController
27-01-2025 23:46:27.345 [http-nio-9098-exec-1] INFO  [ControllerAspect.java:21] c.g.biblioteca.aop.ControllerAspect.around - Inicia llamada a método: listarPrestamos en el controlador: PrestamoController con parametros: []
27-01-2025 23:46:27.351 [http-nio-9098-exec-1] INFO  [ControllerAspect.java:24] c.g.biblioteca.aop.ControllerAspect.around - Fin llamada a método: listarPrestamos en el controlador: PrestamoController
27-01-2025 23:46:35.603 [http-nio-9098-exec-2] INFO  [ControllerAspect.java:21] c.g.biblioteca.aop.ControllerAspect.around - Inicia llamada a método: listarPrestamos en el controlador: PrestamoController con parametros: []
27-01-2025 23:46:35.603 [http-nio-9098-exec-2] INFO  [ControllerAspect.java:24] c.g.biblioteca.aop.ControllerAspect.around - Fin llamada a método: listarPrestamos en el controlador: PrestamoController
27-01-2025 23:46:59.058 [http-nio-9098-exec-3] INFO  [ControllerAspect.java:21] c.g.biblioteca.aop.ControllerAspect.around - Inicia llamada a método: listarPrestamos en el controlador: PrestamoController con parametros: []
27-01-2025 23:46:59.064 [http-nio-9098-exec-3] INFO  [ControllerAspect.java:24] c.g.biblioteca.aop.ControllerAspect.around - Fin llamada a método: listarPrestamos en el controlador: PrestamoController
27-01-2025 23:49:06.428 [http-nio-9098-exec-6] INFO  [ControllerAspect.java:21] c.g.biblioteca.aop.ControllerAspect.around - Inicia llamada a método: listarPrestamos en el controlador: PrestamoController con parametros: []
27-01-2025 23:49:06.432 [http-nio-9098-exec-6] INFO  [ControllerAspect.java:24] c.g.biblioteca.aop.ControllerAspect.around - Fin llamada a método: listarPrestamos en el controlador: PrestamoController
27-01-2025 23:51:54.652 [http-nio-9098-exec-8] INFO  [ControllerAspect.java:21] c.g.biblioteca.aop.ControllerAspect.around - Inicia llamada a método: listarLibros en el controlador: LibroController con parametros: []
27-01-2025 23:51:54.657 [http-nio-9098-exec-8] INFO  [ControllerAspect.java:24] c.g.biblioteca.aop.ControllerAspect.around - Fin llamada a método: listarLibros en el controlador: LibroController
27-01-2025 23:51:54.660 [http-nio-9098-exec-4] INFO  [ControllerAspect.java:21] c.g.biblioteca.aop.ControllerAspect.around - Inicia llamada a método: listarPrestamos en el controlador: PrestamoController con parametros: []
27-01-2025 23:51:54.664 [http-nio-9098-exec-4] INFO  [ControllerAspect.java:24] c.g.biblioteca.aop.ControllerAspect.around - Fin llamada a método: listarPrestamos en el controlador: PrestamoController
27-01-2025 23:53:54.022 [http-nio-9098-exec-1] INFO  [ControllerAspect.java:21] c.g.biblioteca.aop.ControllerAspect.around - Inicia llamada a método: listarPrestamos en el controlador: PrestamoController con parametros: []
27-01-2025 23:53:54.030 [http-nio-9098-exec-1] INFO  [ControllerAspect.java:24] c.g.biblioteca.aop.ControllerAspect.around - Fin llamada a método: listarPrestamos en el controlador: PrestamoController
27-01-2025 23:54:27.748 [http-nio-9098-exec-2] INFO  [ControllerAspect.java:21] c.g.biblioteca.aop.ControllerAspect.around - Inicia llamada a método: listarPrestamos en el controlador: PrestamoController con parametros: []
27-01-2025 23:54:27.751 [http-nio-9098-exec-2] INFO  [ControllerAspect.java:24] c.g.biblioteca.aop.ControllerAspect.around - Fin llamada a método: listarPrestamos en el controlador: PrestamoController
27-01-2025 23:54:30.983 [http-nio-9098-exec-3] INFO  [ControllerAspect.java:21] c.g.biblioteca.aop.ControllerAspect.around - Inicia llamada a método: listarLibros en el controlador: LibroController con parametros: []
27-01-2025 23:54:30.998 [http-nio-9098-exec-3] INFO  [ControllerAspect.java:24] c.g.biblioteca.aop.ControllerAspect.around - Fin llamada a método: listarLibros en el controlador: LibroController
27-01-2025 23:54:46.008 [http-nio-9098-exec-5] INFO  [ControllerAspect.java:21] c.g.biblioteca.aop.ControllerAspect.around - Inicia llamada a método: listarLibros en el controlador: LibroController con parametros: []
27-01-2025 23:54:46.016 [http-nio-9098-exec-5] INFO  [ControllerAspect.java:24] c.g.biblioteca.aop.ControllerAspect.around - Fin llamada a método: listarLibros en el controlador: LibroController
27-01-2025 23:54:59.976 [http-nio-9098-exec-6] INFO  [ControllerAspect.java:21] c.g.biblioteca.aop.ControllerAspect.around - Inicia llamada a método: crearPrestamo en el controlador: PrestamoController con parametros: [Prestamo(id=null, idLibro=1, fechaPrestamo=Wed Jan 01 23:54:47 PET 2025, fechaDevolucion=Thu Jan 30 23:54:49 PET 2025, estado=ACTIVO)]
27-01-2025 23:55:00.001 [http-nio-9098-exec-6] INFO  [ControllerAspect.java:24] c.g.biblioteca.aop.ControllerAspect.around - Fin llamada a método: crearPrestamo en el controlador: PrestamoController
27-01-2025 23:55:00.017 [http-nio-9098-exec-7] INFO  [ControllerAspect.java:21] c.g.biblioteca.aop.ControllerAspect.around - Inicia llamada a método: listarPrestamos en el controlador: PrestamoController con parametros: []
27-01-2025 23:55:00.025 [http-nio-9098-exec-7] INFO  [ControllerAspect.java:24] c.g.biblioteca.aop.ControllerAspect.around - Fin llamada a método: listarPrestamos en el controlador: PrestamoController
27-01-2025 23:55:04.627 [http-nio-9098-exec-8] INFO  [ControllerAspect.java:21] c.g.biblioteca.aop.ControllerAspect.around - Inicia llamada a método: listarLibros en el controlador: LibroController con parametros: []
27-01-2025 23:55:04.640 [http-nio-9098-exec-8] INFO  [ControllerAspect.java:24] c.g.biblioteca.aop.ControllerAspect.around - Fin llamada a método: listarLibros en el controlador: LibroController
27-01-2025 23:55:16.533 [http-nio-9098-exec-4] INFO  [ControllerAspect.java:21] c.g.biblioteca.aop.ControllerAspect.around - Inicia llamada a método: crearPrestamo en el controlador: PrestamoController con parametros: [Prestamo(id=null, idLibro=1, fechaPrestamo=Thu Jan 02 23:55:07 PET 2025, fechaDevolucion=Wed Jan 29 23:55:09 PET 2025, estado=ACTIVO)]
27-01-2025 23:55:16.535 [http-nio-9098-exec-4] INFO  [ControllerAspect.java:24] c.g.biblioteca.aop.ControllerAspect.around - Fin llamada a método: crearPrestamo en el controlador: PrestamoController
27-01-2025 23:56:01.150 [http-nio-9098-exec-9] INFO  [ControllerAspect.java:21] c.g.biblioteca.aop.ControllerAspect.around - Inicia llamada a método: listarPrestamos en el controlador: PrestamoController con parametros: []
27-01-2025 23:56:01.155 [http-nio-9098-exec-9] INFO  [ControllerAspect.java:24] c.g.biblioteca.aop.ControllerAspect.around - Fin llamada a método: listarPrestamos en el controlador: PrestamoController
27-01-2025 23:56:23.492 [http-nio-9098-exec-10] INFO  [ControllerAspect.java:21] c.g.biblioteca.aop.ControllerAspect.around - Inicia llamada a método: listarPrestamos en el controlador: PrestamoController con parametros: []
27-01-2025 23:56:23.499 [http-nio-9098-exec-10] INFO  [ControllerAspect.java:24] c.g.biblioteca.aop.ControllerAspect.around - Fin llamada a método: listarPrestamos en el controlador: PrestamoController
27-01-2025 23:56:32.835 [http-nio-9098-exec-1] INFO  [ControllerAspect.java:21] c.g.biblioteca.aop.ControllerAspect.around - Inicia llamada a método: listarPrestamos en el controlador: PrestamoController con parametros: []
27-01-2025 23:56:32.840 [http-nio-9098-exec-1] INFO  [ControllerAspect.java:24] c.g.biblioteca.aop.ControllerAspect.around - Fin llamada a método: listarPrestamos en el controlador: PrestamoController
27-01-2025 23:56:55.543 [http-nio-9098-exec-3] INFO  [ControllerAspect.java:21] c.g.biblioteca.aop.ControllerAspect.around - Inicia llamada a método: listarPrestamos en el controlador: PrestamoController con parametros: []
27-01-2025 23:56:55.548 [http-nio-9098-exec-3] INFO  [ControllerAspect.java:24] c.g.biblioteca.aop.ControllerAspect.around - Fin llamada a método: listarPrestamos en el controlador: PrestamoController
27-01-2025 23:57:32.120 [http-nio-9098-exec-5] INFO  [ControllerAspect.java:21] c.g.biblioteca.aop.ControllerAspect.around - Inicia llamada a método: listarPrestamos en el controlador: PrestamoController con parametros: []
27-01-2025 23:57:32.126 [http-nio-9098-exec-5] INFO  [ControllerAspect.java:24] c.g.biblioteca.aop.ControllerAspect.around - Fin llamada a método: listarPrestamos en el controlador: PrestamoController
