28-01-2025 00:00:48.696 [http-nio-9098-exec-8] INFO  [ControllerAspect.java:21] c.g.biblioteca.aop.ControllerAspect.around - Inicia llamada a método: listarPrestamos en el controlador: PrestamoController con parametros: []
28-01-2025 00:00:48.831 [http-nio-9098-exec-8] INFO  [ControllerAspect.java:24] c.g.biblioteca.aop.ControllerAspect.around - Fin llamada a método: listarPrestamos en el controlador: PrestamoController
28-01-2025 00:00:58.632 [http-nio-9098-exec-4] INFO  [ControllerAspect.java:21] c.g.biblioteca.aop.ControllerAspect.around - Inicia llamada a método: listarLibros en el controlador: LibroController con parametros: []
28-01-2025 00:00:58.634 [http-nio-9098-exec-4] INFO  [ControllerAspect.java:24] c.g.biblioteca.aop.ControllerAspect.around - Fin llamada a método: listarLibros en el controlador: LibroController
28-01-2025 00:01:10.917 [http-nio-9098-exec-9] INFO  [ControllerAspect.java:21] c.g.biblioteca.aop.ControllerAspect.around - Inicia llamada a método: listarPrestamos en el controlador: PrestamoController con parametros: []
28-01-2025 00:01:10.926 [http-nio-9098-exec-9] INFO  [ControllerAspect.java:24] c.g.biblioteca.aop.ControllerAspect.around - Fin llamada a método: listarPrestamos en el controlador: PrestamoController
28-01-2025 00:01:44.022 [http-nio-9098-exec-10] WARN  [DispatcherServlet.java:1301] o.s.web.servlet.PageNotFound.noHandlerFound - No mapping for OPTIONS /api/prestamos/2
28-01-2025 00:02:15.108 [http-nio-9098-exec-1] INFO  [ControllerAspect.java:21] c.g.biblioteca.aop.ControllerAspect.around - Inicia llamada a método: listarPrestamos en el controlador: PrestamoController con parametros: []
28-01-2025 00:02:15.112 [http-nio-9098-exec-1] INFO  [ControllerAspect.java:24] c.g.biblioteca.aop.ControllerAspect.around - Fin llamada a método: listarPrestamos en el controlador: PrestamoController
28-01-2025 00:02:23.674 [http-nio-9098-exec-3] INFO  [ControllerAspect.java:21] c.g.biblioteca.aop.ControllerAspect.around - Inicia llamada a método: finalizarPrestamo en el controlador: PrestamoController con parametros: [2]
28-01-2025 00:02:23.692 [http-nio-9098-exec-3] INFO  [ControllerAspect.java:24] c.g.biblioteca.aop.ControllerAspect.around - Fin llamada a método: finalizarPrestamo en el controlador: PrestamoController
28-01-2025 00:02:23.729 [http-nio-9098-exec-5] INFO  [ControllerAspect.java:21] c.g.biblioteca.aop.ControllerAspect.around - Inicia llamada a método: listarPrestamos en el controlador: PrestamoController con parametros: []
28-01-2025 00:02:23.729 [http-nio-9098-exec-5] INFO  [ControllerAspect.java:24] c.g.biblioteca.aop.ControllerAspect.around - Fin llamada a método: listarPrestamos en el controlador: PrestamoController
28-01-2025 00:02:46.919 [http-nio-9098-exec-6] INFO  [ControllerAspect.java:21] c.g.biblioteca.aop.ControllerAspect.around - Inicia llamada a método: listarPrestamos en el controlador: PrestamoController con parametros: []
28-01-2025 00:02:46.924 [http-nio-9098-exec-6] INFO  [ControllerAspect.java:24] c.g.biblioteca.aop.ControllerAspect.around - Fin llamada a método: listarPrestamos en el controlador: PrestamoController
28-01-2025 00:02:58.958 [http-nio-9098-exec-7] INFO  [ControllerAspect.java:21] c.g.biblioteca.aop.ControllerAspect.around - Inicia llamada a método: listarPrestamos en el controlador: PrestamoController con parametros: []
28-01-2025 00:02:58.959 [http-nio-9098-exec-7] INFO  [ControllerAspect.java:24] c.g.biblioteca.aop.ControllerAspect.around - Fin llamada a método: listarPrestamos en el controlador: PrestamoController
28-01-2025 00:03:05.038 [http-nio-9098-exec-8] INFO  [ControllerAspect.java:21] c.g.biblioteca.aop.ControllerAspect.around - Inicia llamada a método: listarLibros en el controlador: LibroController con parametros: []
28-01-2025 00:03:05.038 [http-nio-9098-exec-8] INFO  [ControllerAspect.java:24] c.g.biblioteca.aop.ControllerAspect.around - Fin llamada a método: listarLibros en el controlador: LibroController
28-01-2025 00:03:40.985 [http-nio-9098-exec-4] INFO  [ControllerAspect.java:21] c.g.biblioteca.aop.ControllerAspect.around - Inicia llamada a método: listarPrestamos en el controlador: PrestamoController con parametros: []
28-01-2025 00:03:40.996 [http-nio-9098-exec-4] INFO  [ControllerAspect.java:24] c.g.biblioteca.aop.ControllerAspect.around - Fin llamada a método: listarPrestamos en el controlador: PrestamoController
28-01-2025 00:03:46.091 [http-nio-9098-exec-9] INFO  [ControllerAspect.java:21] c.g.biblioteca.aop.ControllerAspect.around - Inicia llamada a método: listarLibros en el controlador: LibroController con parametros: []
28-01-2025 00:03:46.095 [http-nio-9098-exec-9] INFO  [ControllerAspect.java:24] c.g.biblioteca.aop.ControllerAspect.around - Fin llamada a método: listarLibros en el controlador: LibroController
28-01-2025 00:03:51.733 [http-nio-9098-exec-10] INFO  [ControllerAspect.java:21] c.g.biblioteca.aop.ControllerAspect.around - Inicia llamada a método: listarPrestamos en el controlador: PrestamoController con parametros: []
28-01-2025 00:03:51.735 [http-nio-9098-exec-10] INFO  [ControllerAspect.java:24] c.g.biblioteca.aop.ControllerAspect.around - Fin llamada a método: listarPrestamos en el controlador: PrestamoController
28-01-2025 00:03:53.551 [http-nio-9098-exec-1] INFO  [ControllerAspect.java:21] c.g.biblioteca.aop.ControllerAspect.around - Inicia llamada a método: listarLibros en el controlador: LibroController con parametros: []
28-01-2025 00:03:53.551 [http-nio-9098-exec-1] INFO  [ControllerAspect.java:24] c.g.biblioteca.aop.ControllerAspect.around - Fin llamada a método: listarLibros en el controlador: LibroController
28-01-2025 00:04:05.969 [http-nio-9098-exec-2] INFO  [ControllerAspect.java:21] c.g.biblioteca.aop.ControllerAspect.around - Inicia llamada a método: listarPrestamos en el controlador: PrestamoController con parametros: []
28-01-2025 00:04:05.969 [http-nio-9098-exec-2] INFO  [ControllerAspect.java:24] c.g.biblioteca.aop.ControllerAspect.around - Fin llamada a método: listarPrestamos en el controlador: PrestamoController
28-01-2025 00:04:08.112 [http-nio-9098-exec-3] INFO  [ControllerAspect.java:21] c.g.biblioteca.aop.ControllerAspect.around - Inicia llamada a método: listarLibros en el controlador: LibroController con parametros: []
28-01-2025 00:04:08.114 [http-nio-9098-exec-3] INFO  [ControllerAspect.java:24] c.g.biblioteca.aop.ControllerAspect.around - Fin llamada a método: listarLibros en el controlador: LibroController
28-01-2025 00:04:30.146 [http-nio-9098-exec-5] INFO  [ControllerAspect.java:21] c.g.biblioteca.aop.ControllerAspect.around - Inicia llamada a método: listarPrestamos en el controlador: PrestamoController con parametros: []
28-01-2025 00:04:30.146 [http-nio-9098-exec-5] INFO  [ControllerAspect.java:24] c.g.biblioteca.aop.ControllerAspect.around - Fin llamada a método: listarPrestamos en el controlador: PrestamoController
28-01-2025 00:04:34.385 [http-nio-9098-exec-6] INFO  [ControllerAspect.java:21] c.g.biblioteca.aop.ControllerAspect.around - Inicia llamada a método: listarLibros en el controlador: LibroController con parametros: []
28-01-2025 00:04:34.395 [http-nio-9098-exec-6] INFO  [ControllerAspect.java:24] c.g.biblioteca.aop.ControllerAspect.around - Fin llamada a método: listarLibros en el controlador: LibroController
28-01-2025 00:04:42.402 [http-nio-9098-exec-7] INFO  [ControllerAspect.java:21] c.g.biblioteca.aop.ControllerAspect.around - Inicia llamada a método: crearPrestamo en el controlador: PrestamoController con parametros: [Prestamo(id=null, idLibro=1, fechaPrestamo=Wed Jan 15 00:04:40 PET 2025, fechaDevolucion=null, estado=ACTIVO)]
28-01-2025 00:04:42.411 [http-nio-9098-exec-7] INFO  [ControllerAspect.java:24] c.g.biblioteca.aop.ControllerAspect.around - Fin llamada a método: crearPrestamo en el controlador: PrestamoController
28-01-2025 00:04:42.421 [http-nio-9098-exec-8] INFO  [ControllerAspect.java:21] c.g.biblioteca.aop.ControllerAspect.around - Inicia llamada a método: listarPrestamos en el controlador: PrestamoController con parametros: []
28-01-2025 00:04:42.428 [http-nio-9098-exec-8] INFO  [ControllerAspect.java:24] c.g.biblioteca.aop.ControllerAspect.around - Fin llamada a método: listarPrestamos en el controlador: PrestamoController
28-01-2025 00:04:48.092 [http-nio-9098-exec-4] INFO  [ControllerAspect.java:21] c.g.biblioteca.aop.ControllerAspect.around - Inicia llamada a método: listarLibros en el controlador: LibroController con parametros: []
28-01-2025 00:04:48.196 [http-nio-9098-exec-4] INFO  [ControllerAspect.java:24] c.g.biblioteca.aop.ControllerAspect.around - Fin llamada a método: listarLibros en el controlador: LibroController
28-01-2025 00:04:56.608 [http-nio-9098-exec-9] INFO  [ControllerAspect.java:21] c.g.biblioteca.aop.ControllerAspect.around - Inicia llamada a método: crearPrestamo en el controlador: PrestamoController con parametros: [Prestamo(id=null, idLibro=2, fechaPrestamo=Wed Jan 15 00:04:50 PET 2025, fechaDevolucion=null, estado=ACTIVO)]
28-01-2025 00:04:56.612 [http-nio-9098-exec-9] INFO  [ControllerAspect.java:24] c.g.biblioteca.aop.ControllerAspect.around - Fin llamada a método: crearPrestamo en el controlador: PrestamoController
28-01-2025 00:15:16.673 [http-nio-9098-exec-6] INFO  [ControllerAspect.java:21] c.g.biblioteca.aop.ControllerAspect.around - Inicia llamada a método: listarPrestamos en el controlador: PrestamoController con parametros: []
28-01-2025 00:15:16.676 [http-nio-9098-exec-5] INFO  [ControllerAspect.java:21] c.g.biblioteca.aop.ControllerAspect.around - Inicia llamada a método: listarLibros en el controlador: LibroController con parametros: []
28-01-2025 00:15:16.676 [http-nio-9098-exec-7] INFO  [ControllerAspect.java:21] c.g.biblioteca.aop.ControllerAspect.around - Inicia llamada a método: listarAutores en el controlador: AutorController con parametros: []
28-01-2025 00:15:16.689 [http-nio-9098-exec-6] INFO  [ControllerAspect.java:24] c.g.biblioteca.aop.ControllerAspect.around - Fin llamada a método: listarPrestamos en el controlador: PrestamoController
28-01-2025 00:15:16.689 [http-nio-9098-exec-5] INFO  [ControllerAspect.java:24] c.g.biblioteca.aop.ControllerAspect.around - Fin llamada a método: listarLibros en el controlador: LibroController
28-01-2025 00:15:16.693 [http-nio-9098-exec-7] INFO  [ControllerAspect.java:24] c.g.biblioteca.aop.ControllerAspect.around - Fin llamada a método: listarAutores en el controlador: AutorController
28-01-2025 00:19:59.459 [http-nio-9098-exec-1] INFO  [ControllerAspect.java:21] c.g.biblioteca.aop.ControllerAspect.around - Inicia llamada a método: listarLibrosPaginado en el controlador: LibroController con parametros: [0, 10]
28-01-2025 00:19:59.599 [http-nio-9098-exec-1] INFO  [ControllerAspect.java:24] c.g.biblioteca.aop.ControllerAspect.around - Fin llamada a método: listarLibrosPaginado en el controlador: LibroController
28-01-2025 00:33:13.300 [http-nio-9098-exec-3] INFO  [ControllerAspect.java:21] c.g.biblioteca.aop.ControllerAspect.around - Inicia llamada a método: listarAutores en el controlador: AutorController con parametros: []
28-01-2025 00:33:13.304 [http-nio-9098-exec-3] INFO  [ControllerAspect.java:24] c.g.biblioteca.aop.ControllerAspect.around - Fin llamada a método: listarAutores en el controlador: AutorController
28-01-2025 00:49:15.908 [http-nio-9098-exec-7] INFO  [ControllerAspect.java:21] c.g.biblioteca.aop.ControllerAspect.around - Inicia llamada a método: listarLibros en el controlador: LibroController con parametros: []
28-01-2025 00:49:15.915 [http-nio-9098-exec-7] INFO  [ControllerAspect.java:24] c.g.biblioteca.aop.ControllerAspect.around - Fin llamada a método: listarLibros en el controlador: LibroController
28-01-2025 00:49:17.709 [http-nio-9098-exec-4] INFO  [ControllerAspect.java:21] c.g.biblioteca.aop.ControllerAspect.around - Inicia llamada a método: listarAutores en el controlador: AutorController con parametros: []
28-01-2025 00:49:17.712 [http-nio-9098-exec-4] INFO  [ControllerAspect.java:24] c.g.biblioteca.aop.ControllerAspect.around - Fin llamada a método: listarAutores en el controlador: AutorController
28-01-2025 00:49:27.673 [http-nio-9098-exec-9] INFO  [ControllerAspect.java:21] c.g.biblioteca.aop.ControllerAspect.around - Inicia llamada a método: crearLibro en el controlador: LibroController con parametros: [Libro(id=null, titulo=TITULO, idAutor=3, isbn=123213, fechaPublicacion=Tue Jan 07 00:00:00 PET 2025, estado=null)]
28-01-2025 00:49:27.682 [http-nio-9098-exec-9] INFO  [ControllerAspect.java:24] c.g.biblioteca.aop.ControllerAspect.around - Fin llamada a método: crearLibro en el controlador: LibroController
28-01-2025 00:49:27.693 [http-nio-9098-exec-10] INFO  [ControllerAspect.java:21] c.g.biblioteca.aop.ControllerAspect.around - Inicia llamada a método: listarLibros en el controlador: LibroController con parametros: []
28-01-2025 00:49:27.696 [http-nio-9098-exec-10] INFO  [ControllerAspect.java:24] c.g.biblioteca.aop.ControllerAspect.around - Fin llamada a método: listarLibros en el controlador: LibroController
28-01-2025 00:49:31.159 [http-nio-9098-exec-2] INFO  [ControllerAspect.java:21] c.g.biblioteca.aop.ControllerAspect.around - Inicia llamada a método: eliminarLibro en el controlador: LibroController con parametros: [4]
28-01-2025 00:49:31.175 [http-nio-9098-exec-2] INFO  [ControllerAspect.java:24] c.g.biblioteca.aop.ControllerAspect.around - Fin llamada a método: eliminarLibro en el controlador: LibroController
28-01-2025 00:49:31.185 [http-nio-9098-exec-3] INFO  [ControllerAspect.java:21] c.g.biblioteca.aop.ControllerAspect.around - Inicia llamada a método: listarLibros en el controlador: LibroController con parametros: []
28-01-2025 00:49:31.192 [http-nio-9098-exec-3] INFO  [ControllerAspect.java:24] c.g.biblioteca.aop.ControllerAspect.around - Fin llamada a método: listarLibros en el controlador: LibroController
28-01-2025 00:49:33.007 [http-nio-9098-exec-6] INFO  [ControllerAspect.java:21] c.g.biblioteca.aop.ControllerAspect.around - Inicia llamada a método: listarAutores en el controlador: AutorController con parametros: []
28-01-2025 00:49:33.012 [http-nio-9098-exec-6] INFO  [ControllerAspect.java:24] c.g.biblioteca.aop.ControllerAspect.around - Fin llamada a método: listarAutores en el controlador: AutorController
28-01-2025 00:49:36.133 [http-nio-9098-exec-7] INFO  [ControllerAspect.java:21] c.g.biblioteca.aop.ControllerAspect.around - Inicia llamada a método: eliminarAutor en el controlador: AutorController con parametros: [4]
28-01-2025 00:49:36.152 [http-nio-9098-exec-7] INFO  [ControllerAspect.java:24] c.g.biblioteca.aop.ControllerAspect.around - Fin llamada a método: eliminarAutor en el controlador: AutorController
28-01-2025 00:49:36.162 [http-nio-9098-exec-8] INFO  [ControllerAspect.java:21] c.g.biblioteca.aop.ControllerAspect.around - Inicia llamada a método: listarAutores en el controlador: AutorController con parametros: []
28-01-2025 00:49:36.166 [http-nio-9098-exec-8] INFO  [ControllerAspect.java:24] c.g.biblioteca.aop.ControllerAspect.around - Fin llamada a método: listarAutores en el controlador: AutorController
28-01-2025 00:50:08.079 [http-nio-9098-exec-4] INFO  [ControllerAspect.java:21] c.g.biblioteca.aop.ControllerAspect.around - Inicia llamada a método: listarAutores en el controlador: AutorController con parametros: []
28-01-2025 00:50:08.083 [http-nio-9098-exec-4] INFO  [ControllerAspect.java:24] c.g.biblioteca.aop.ControllerAspect.around - Fin llamada a método: listarAutores en el controlador: AutorController
28-01-2025 00:50:20.101 [http-nio-9098-exec-9] INFO  [ControllerAspect.java:21] c.g.biblioteca.aop.ControllerAspect.around - Inicia llamada a método: listarAutores en el controlador: AutorController con parametros: []
28-01-2025 00:50:20.104 [http-nio-9098-exec-9] INFO  [ControllerAspect.java:24] c.g.biblioteca.aop.ControllerAspect.around - Fin llamada a método: listarAutores en el controlador: AutorController
28-01-2025 00:50:25.050 [http-nio-9098-exec-10] INFO  [ControllerAspect.java:21] c.g.biblioteca.aop.ControllerAspect.around - Inicia llamada a método: listarAutores en el controlador: AutorController con parametros: []
28-01-2025 00:50:25.066 [http-nio-9098-exec-10] INFO  [ControllerAspect.java:24] c.g.biblioteca.aop.ControllerAspect.around - Fin llamada a método: listarAutores en el controlador: AutorController
28-01-2025 00:50:29.126 [http-nio-9098-exec-1] INFO  [ControllerAspect.java:21] c.g.biblioteca.aop.ControllerAspect.around - Inicia llamada a método: listarAutores en el controlador: AutorController con parametros: []
28-01-2025 00:50:29.134 [http-nio-9098-exec-1] INFO  [ControllerAspect.java:24] c.g.biblioteca.aop.ControllerAspect.around - Fin llamada a método: listarAutores en el controlador: AutorController
28-01-2025 00:51:49.729 [http-nio-9098-exec-3] INFO  [ControllerAspect.java:21] c.g.biblioteca.aop.ControllerAspect.around - Inicia llamada a método: listarAutores en el controlador: AutorController con parametros: []
28-01-2025 00:51:49.732 [http-nio-9098-exec-3] INFO  [ControllerAspect.java:24] c.g.biblioteca.aop.ControllerAspect.around - Fin llamada a método: listarAutores en el controlador: AutorController
28-01-2025 01:09:45.566 [http-nio-9098-exec-5] INFO  [ControllerAspect.java:21] c.g.biblioteca.aop.ControllerAspect.around - Inicia llamada a método: crearAutor en el controlador: AutorController con parametros: [Autor(id=null, nombre=NUEVO AUTOR, nacionalidad=Peruanaa act, fechaNacimiento=Tue Jan 02 00:00:00 PEST 1990)]
28-01-2025 01:09:45.571 [http-nio-9098-exec-5] INFO  [ControllerAspect.java:24] c.g.biblioteca.aop.ControllerAspect.around - Fin llamada a método: crearAutor en el controlador: AutorController
28-01-2025 01:09:45.581 [http-nio-9098-exec-7] INFO  [ControllerAspect.java:21] c.g.biblioteca.aop.ControllerAspect.around - Inicia llamada a método: listarAutores en el controlador: AutorController con parametros: []
28-01-2025 01:09:45.585 [http-nio-9098-exec-7] INFO  [ControllerAspect.java:24] c.g.biblioteca.aop.ControllerAspect.around - Fin llamada a método: listarAutores en el controlador: AutorController
28-01-2025 01:09:53.217 [http-nio-9098-exec-4] INFO  [ControllerAspect.java:21] c.g.biblioteca.aop.ControllerAspect.around - Inicia llamada a método: actualizarAutor en el controlador: AutorController con parametros: [6, Autor(id=6, nombre=NUEVO AUTOR, nacionalidad=COLOMBIANO, fechaNacimiento=Tue Jan 02 00:00:00 PEST 1990)]
28-01-2025 01:09:53.224 [http-nio-9098-exec-4] INFO  [ControllerAspect.java:24] c.g.biblioteca.aop.ControllerAspect.around - Fin llamada a método: actualizarAutor en el controlador: AutorController
28-01-2025 01:09:53.233 [http-nio-9098-exec-9] INFO  [ControllerAspect.java:21] c.g.biblioteca.aop.ControllerAspect.around - Inicia llamada a método: listarAutores en el controlador: AutorController con parametros: []
28-01-2025 01:09:53.237 [http-nio-9098-exec-9] INFO  [ControllerAspect.java:24] c.g.biblioteca.aop.ControllerAspect.around - Fin llamada a método: listarAutores en el controlador: AutorController
28-01-2025 01:09:57.458 [http-nio-9098-exec-10] INFO  [ControllerAspect.java:21] c.g.biblioteca.aop.ControllerAspect.around - Inicia llamada a método: eliminarAutor en el controlador: AutorController con parametros: [6]
28-01-2025 01:09:57.465 [http-nio-9098-exec-10] INFO  [ControllerAspect.java:24] c.g.biblioteca.aop.ControllerAspect.around - Fin llamada a método: eliminarAutor en el controlador: AutorController
28-01-2025 01:09:57.474 [http-nio-9098-exec-1] INFO  [ControllerAspect.java:21] c.g.biblioteca.aop.ControllerAspect.around - Inicia llamada a método: listarAutores en el controlador: AutorController con parametros: []
28-01-2025 01:09:57.478 [http-nio-9098-exec-1] INFO  [ControllerAspect.java:24] c.g.biblioteca.aop.ControllerAspect.around - Fin llamada a método: listarAutores en el controlador: AutorController
28-01-2025 01:09:59.809 [http-nio-9098-exec-2] INFO  [ControllerAspect.java:21] c.g.biblioteca.aop.ControllerAspect.around - Inicia llamada a método: listarLibros en el controlador: LibroController con parametros: []
28-01-2025 01:09:59.815 [http-nio-9098-exec-2] INFO  [ControllerAspect.java:24] c.g.biblioteca.aop.ControllerAspect.around - Fin llamada a método: listarLibros en el controlador: LibroController
28-01-2025 01:10:01.800 [http-nio-9098-exec-3] INFO  [ControllerAspect.java:21] c.g.biblioteca.aop.ControllerAspect.around - Inicia llamada a método: listarAutores en el controlador: AutorController con parametros: []
28-01-2025 01:10:01.805 [http-nio-9098-exec-3] INFO  [ControllerAspect.java:24] c.g.biblioteca.aop.ControllerAspect.around - Fin llamada a método: listarAutores en el controlador: AutorController
28-01-2025 01:10:13.406 [http-nio-9098-exec-6] INFO  [ControllerAspect.java:21] c.g.biblioteca.aop.ControllerAspect.around - Inicia llamada a método: crearLibro en el controlador: LibroController con parametros: [Libro(id=null, titulo=NUEVO LIBRO, idAutor=2, isbn=123, fechaPublicacion=Thu Jan 02 00:00:00 PET 2025, estado=null)]
28-01-2025 01:10:13.410 [http-nio-9098-exec-6] INFO  [ControllerAspect.java:24] c.g.biblioteca.aop.ControllerAspect.around - Fin llamada a método: crearLibro en el controlador: LibroController
28-01-2025 01:10:13.424 [http-nio-9098-exec-5] INFO  [ControllerAspect.java:21] c.g.biblioteca.aop.ControllerAspect.around - Inicia llamada a método: listarLibros en el controlador: LibroController con parametros: []
28-01-2025 01:10:13.427 [http-nio-9098-exec-5] INFO  [ControllerAspect.java:24] c.g.biblioteca.aop.ControllerAspect.around - Fin llamada a método: listarLibros en el controlador: LibroController
28-01-2025 01:10:15.412 [http-nio-9098-exec-7] INFO  [ControllerAspect.java:21] c.g.biblioteca.aop.ControllerAspect.around - Inicia llamada a método: listarAutores en el controlador: AutorController con parametros: []
28-01-2025 01:10:15.417 [http-nio-9098-exec-7] INFO  [ControllerAspect.java:24] c.g.biblioteca.aop.ControllerAspect.around - Fin llamada a método: listarAutores en el controlador: AutorController
28-01-2025 01:10:18.140 [http-nio-9098-exec-4] INFO  [ControllerAspect.java:21] c.g.biblioteca.aop.ControllerAspect.around - Inicia llamada a método: actualizarLibro en el controlador: LibroController con parametros: [5, Libro(id=5, titulo=NUEVO LIBRO, idAutor=2, isbn=1232212, fechaPublicacion=Thu Jan 02 00:00:00 PET 2025, estado=null)]
28-01-2025 01:10:18.190 [http-nio-9098-exec-4] INFO  [ControllerAspect.java:24] c.g.biblioteca.aop.ControllerAspect.around - Fin llamada a método: actualizarLibro en el controlador: LibroController
28-01-2025 01:10:18.198 [http-nio-9098-exec-9] INFO  [ControllerAspect.java:21] c.g.biblioteca.aop.ControllerAspect.around - Inicia llamada a método: listarLibros en el controlador: LibroController con parametros: []
28-01-2025 01:10:18.201 [http-nio-9098-exec-9] INFO  [ControllerAspect.java:24] c.g.biblioteca.aop.ControllerAspect.around - Fin llamada a método: listarLibros en el controlador: LibroController
28-01-2025 01:10:21.347 [http-nio-9098-exec-10] INFO  [ControllerAspect.java:21] c.g.biblioteca.aop.ControllerAspect.around - Inicia llamada a método: eliminarLibro en el controlador: LibroController con parametros: [5]
28-01-2025 01:10:21.354 [http-nio-9098-exec-10] INFO  [ControllerAspect.java:24] c.g.biblioteca.aop.ControllerAspect.around - Fin llamada a método: eliminarLibro en el controlador: LibroController
28-01-2025 01:10:21.361 [http-nio-9098-exec-1] INFO  [ControllerAspect.java:21] c.g.biblioteca.aop.ControllerAspect.around - Inicia llamada a método: listarLibros en el controlador: LibroController con parametros: []
28-01-2025 01:10:21.365 [http-nio-9098-exec-1] INFO  [ControllerAspect.java:24] c.g.biblioteca.aop.ControllerAspect.around - Fin llamada a método: listarLibros en el controlador: LibroController
28-01-2025 01:10:23.284 [http-nio-9098-exec-3] INFO  [ControllerAspect.java:21] c.g.biblioteca.aop.ControllerAspect.around - Inicia llamada a método: listarPrestamos en el controlador: PrestamoController con parametros: []
28-01-2025 01:10:23.323 [http-nio-9098-exec-3] INFO  [ControllerAspect.java:24] c.g.biblioteca.aop.ControllerAspect.around - Fin llamada a método: listarPrestamos en el controlador: PrestamoController
28-01-2025 01:10:26.478 [http-nio-9098-exec-6] INFO  [ControllerAspect.java:21] c.g.biblioteca.aop.ControllerAspect.around - Inicia llamada a método: listarLibros en el controlador: LibroController con parametros: []
28-01-2025 01:10:26.481 [http-nio-9098-exec-6] INFO  [ControllerAspect.java:24] c.g.biblioteca.aop.ControllerAspect.around - Fin llamada a método: listarLibros en el controlador: LibroController
28-01-2025 01:10:32.272 [http-nio-9098-exec-5] INFO  [ControllerAspect.java:21] c.g.biblioteca.aop.ControllerAspect.around - Inicia llamada a método: crearPrestamo en el controlador: PrestamoController con parametros: [Prestamo(id=null, idLibro=2, fechaPrestamo=Wed Jan 22 01:10:29 PET 2025, fechaDevolucion=null, estado=ACTIVO)]
28-01-2025 01:10:32.275 [http-nio-9098-exec-5] INFO  [ControllerAspect.java:24] c.g.biblioteca.aop.ControllerAspect.around - Fin llamada a método: crearPrestamo en el controlador: PrestamoController
28-01-2025 01:10:38.864 [http-nio-9098-exec-8] INFO  [ControllerAspect.java:21] c.g.biblioteca.aop.ControllerAspect.around - Inicia llamada a método: finalizarPrestamo en el controlador: PrestamoController con parametros: [1]
28-01-2025 01:10:38.872 [http-nio-9098-exec-8] INFO  [ControllerAspect.java:24] c.g.biblioteca.aop.ControllerAspect.around - Fin llamada a método: finalizarPrestamo en el controlador: PrestamoController
28-01-2025 01:10:38.882 [http-nio-9098-exec-4] INFO  [ControllerAspect.java:21] c.g.biblioteca.aop.ControllerAspect.around - Inicia llamada a método: listarPrestamos en el controlador: PrestamoController con parametros: []
28-01-2025 01:10:38.887 [http-nio-9098-exec-4] INFO  [ControllerAspect.java:24] c.g.biblioteca.aop.ControllerAspect.around - Fin llamada a método: listarPrestamos en el controlador: PrestamoController
28-01-2025 01:10:41.367 [http-nio-9098-exec-10] INFO  [ControllerAspect.java:21] c.g.biblioteca.aop.ControllerAspect.around - Inicia llamada a método: finalizarPrestamo en el controlador: PrestamoController con parametros: [3]
28-01-2025 01:10:41.373 [http-nio-9098-exec-10] INFO  [ControllerAspect.java:24] c.g.biblioteca.aop.ControllerAspect.around - Fin llamada a método: finalizarPrestamo en el controlador: PrestamoController
28-01-2025 01:10:41.411 [http-nio-9098-exec-1] INFO  [ControllerAspect.java:21] c.g.biblioteca.aop.ControllerAspect.around - Inicia llamada a método: listarPrestamos en el controlador: PrestamoController con parametros: []
28-01-2025 01:10:41.417 [http-nio-9098-exec-1] INFO  [ControllerAspect.java:24] c.g.biblioteca.aop.ControllerAspect.around - Fin llamada a método: listarPrestamos en el controlador: PrestamoController
28-01-2025 01:10:43.595 [http-nio-9098-exec-2] INFO  [ControllerAspect.java:21] c.g.biblioteca.aop.ControllerAspect.around - Inicia llamada a método: listarLibros en el controlador: LibroController con parametros: []
28-01-2025 01:10:43.597 [http-nio-9098-exec-2] INFO  [ControllerAspect.java:24] c.g.biblioteca.aop.ControllerAspect.around - Fin llamada a método: listarLibros en el controlador: LibroController
28-01-2025 01:10:48.296 [http-nio-9098-exec-3] INFO  [ControllerAspect.java:21] c.g.biblioteca.aop.ControllerAspect.around - Inicia llamada a método: crearPrestamo en el controlador: PrestamoController con parametros: [Prestamo(id=null, idLibro=2, fechaPrestamo=Thu Jan 23 01:10:45 PET 2025, fechaDevolucion=null, estado=ACTIVO)]
28-01-2025 01:10:48.303 [http-nio-9098-exec-3] INFO  [ControllerAspect.java:24] c.g.biblioteca.aop.ControllerAspect.around - Fin llamada a método: crearPrestamo en el controlador: PrestamoController
28-01-2025 01:10:48.311 [http-nio-9098-exec-6] INFO  [ControllerAspect.java:21] c.g.biblioteca.aop.ControllerAspect.around - Inicia llamada a método: listarPrestamos en el controlador: PrestamoController con parametros: []
28-01-2025 01:10:48.313 [http-nio-9098-exec-6] INFO  [ControllerAspect.java:24] c.g.biblioteca.aop.ControllerAspect.around - Fin llamada a método: listarPrestamos en el controlador: PrestamoController
28-01-2025 01:10:54.140 [http-nio-9098-exec-7] INFO  [ControllerAspect.java:21] c.g.biblioteca.aop.ControllerAspect.around - Inicia llamada a método: finalizarPrestamo en el controlador: PrestamoController con parametros: [4]
28-01-2025 01:10:54.147 [http-nio-9098-exec-7] INFO  [ControllerAspect.java:24] c.g.biblioteca.aop.ControllerAspect.around - Fin llamada a método: finalizarPrestamo en el controlador: PrestamoController
28-01-2025 01:10:54.155 [http-nio-9098-exec-8] INFO  [ControllerAspect.java:21] c.g.biblioteca.aop.ControllerAspect.around - Inicia llamada a método: listarPrestamos en el controlador: PrestamoController con parametros: []
28-01-2025 01:10:54.159 [http-nio-9098-exec-8] INFO  [ControllerAspect.java:24] c.g.biblioteca.aop.ControllerAspect.around - Fin llamada a método: listarPrestamos en el controlador: PrestamoController
28-01-2025 01:10:59.847 [http-nio-9098-exec-4] INFO  [ControllerAspect.java:21] c.g.biblioteca.aop.ControllerAspect.around - Inicia llamada a método: listarLibros en el controlador: LibroController con parametros: []
28-01-2025 01:10:59.849 [http-nio-9098-exec-9] INFO  [ControllerAspect.java:21] c.g.biblioteca.aop.ControllerAspect.around - Inicia llamada a método: listarPrestamos en el controlador: PrestamoController con parametros: []
28-01-2025 01:10:59.854 [http-nio-9098-exec-4] INFO  [ControllerAspect.java:24] c.g.biblioteca.aop.ControllerAspect.around - Fin llamada a método: listarLibros en el controlador: LibroController
28-01-2025 01:10:59.856 [http-nio-9098-exec-9] INFO  [ControllerAspect.java:24] c.g.biblioteca.aop.ControllerAspect.around - Fin llamada a método: listarPrestamos en el controlador: PrestamoController
28-01-2025 01:10:59.861 [http-nio-9098-exec-10] INFO  [ControllerAspect.java:21] c.g.biblioteca.aop.ControllerAspect.around - Inicia llamada a método: listarAutores en el controlador: AutorController con parametros: []
28-01-2025 01:10:59.866 [http-nio-9098-exec-10] INFO  [ControllerAspect.java:24] c.g.biblioteca.aop.ControllerAspect.around - Fin llamada a método: listarAutores en el controlador: AutorController
28-01-2025 01:12:46.679 [http-nio-9098-exec-6] INFO  [ControllerAspect.java:21] c.g.biblioteca.aop.ControllerAspect.around - Inicia llamada a método: listarAutores en el controlador: AutorController con parametros: []
28-01-2025 01:12:46.682 [http-nio-9098-exec-6] INFO  [ControllerAspect.java:24] c.g.biblioteca.aop.ControllerAspect.around - Fin llamada a método: listarAutores en el controlador: AutorController
28-01-2025 01:13:21.640 [http-nio-9098-exec-5] INFO  [ControllerAspect.java:21] c.g.biblioteca.aop.ControllerAspect.around - Inicia llamada a método: listarLibros en el controlador: LibroController con parametros: []
28-01-2025 01:13:21.645 [http-nio-9098-exec-5] INFO  [ControllerAspect.java:24] c.g.biblioteca.aop.ControllerAspect.around - Fin llamada a método: listarLibros en el controlador: LibroController
28-01-2025 01:13:21.649 [http-nio-9098-exec-7] INFO  [ControllerAspect.java:21] c.g.biblioteca.aop.ControllerAspect.around - Inicia llamada a método: listarPrestamos en el controlador: PrestamoController con parametros: []
28-01-2025 01:13:21.652 [http-nio-9098-exec-8] INFO  [ControllerAspect.java:21] c.g.biblioteca.aop.ControllerAspect.around - Inicia llamada a método: listarAutores en el controlador: AutorController con parametros: []
28-01-2025 01:13:21.653 [http-nio-9098-exec-7] INFO  [ControllerAspect.java:24] c.g.biblioteca.aop.ControllerAspect.around - Fin llamada a método: listarPrestamos en el controlador: PrestamoController
28-01-2025 01:13:21.655 [http-nio-9098-exec-8] INFO  [ControllerAspect.java:24] c.g.biblioteca.aop.ControllerAspect.around - Fin llamada a método: listarAutores en el controlador: AutorController
28-01-2025 01:14:44.080 [http-nio-9098-exec-1] INFO  [ControllerAspect.java:21] c.g.biblioteca.aop.ControllerAspect.around - Inicia llamada a método: listarAutores en el controlador: AutorController con parametros: []
28-01-2025 01:14:44.083 [http-nio-9098-exec-1] INFO  [ControllerAspect.java:24] c.g.biblioteca.aop.ControllerAspect.around - Fin llamada a método: listarAutores en el controlador: AutorController
28-01-2025 01:15:28.723 [http-nio-9098-exec-2] INFO  [ControllerAspect.java:21] c.g.biblioteca.aop.ControllerAspect.around - Inicia llamada a método: crearAutor en el controlador: AutorController con parametros: [Autor(id=null, nombre=NUEVO AUTOR, nacionalidad=PERUANO, fechaNacimiento=Thu Jan 02 00:00:00 PET 2025)]
28-01-2025 01:15:28.728 [http-nio-9098-exec-2] INFO  [ControllerAspect.java:24] c.g.biblioteca.aop.ControllerAspect.around - Fin llamada a método: crearAutor en el controlador: AutorController
28-01-2025 01:15:28.743 [http-nio-9098-exec-3] INFO  [ControllerAspect.java:21] c.g.biblioteca.aop.ControllerAspect.around - Inicia llamada a método: listarAutores en el controlador: AutorController con parametros: []
28-01-2025 01:15:28.746 [http-nio-9098-exec-3] INFO  [ControllerAspect.java:24] c.g.biblioteca.aop.ControllerAspect.around - Fin llamada a método: listarAutores en el controlador: AutorController
28-01-2025 01:16:28.629 [http-nio-9098-exec-5] INFO  [ControllerAspect.java:21] c.g.biblioteca.aop.ControllerAspect.around - Inicia llamada a método: eliminarAutor en el controlador: AutorController con parametros: [7]
28-01-2025 01:16:28.633 [http-nio-9098-exec-5] INFO  [ControllerAspect.java:24] c.g.biblioteca.aop.ControllerAspect.around - Fin llamada a método: eliminarAutor en el controlador: AutorController
28-01-2025 01:16:28.641 [http-nio-9098-exec-7] INFO  [ControllerAspect.java:21] c.g.biblioteca.aop.ControllerAspect.around - Inicia llamada a método: listarAutores en el controlador: AutorController con parametros: []
28-01-2025 01:16:28.646 [http-nio-9098-exec-7] INFO  [ControllerAspect.java:24] c.g.biblioteca.aop.ControllerAspect.around - Fin llamada a método: listarAutores en el controlador: AutorController
28-01-2025 01:16:51.189 [http-nio-9098-exec-8] INFO  [ControllerAspect.java:21] c.g.biblioteca.aop.ControllerAspect.around - Inicia llamada a método: listarLibros en el controlador: LibroController con parametros: []
28-01-2025 01:16:51.194 [http-nio-9098-exec-8] INFO  [ControllerAspect.java:24] c.g.biblioteca.aop.ControllerAspect.around - Fin llamada a método: listarLibros en el controlador: LibroController
28-01-2025 01:17:13.936 [http-nio-9098-exec-4] INFO  [ControllerAspect.java:21] c.g.biblioteca.aop.ControllerAspect.around - Inicia llamada a método: listarAutores en el controlador: AutorController con parametros: []
28-01-2025 01:17:13.938 [http-nio-9098-exec-4] INFO  [ControllerAspect.java:24] c.g.biblioteca.aop.ControllerAspect.around - Fin llamada a método: listarAutores en el controlador: AutorController
28-01-2025 01:17:36.420 [http-nio-9098-exec-10] INFO  [ControllerAspect.java:21] c.g.biblioteca.aop.ControllerAspect.around - Inicia llamada a método: crearLibro en el controlador: LibroController con parametros: [Libro(id=null, titulo=NUEVO LIBRO, idAutor=3, isbn=12355, fechaPublicacion=Wed Apr 25 00:00:00 PET 1990, estado=null)]
28-01-2025 01:17:36.422 [http-nio-9098-exec-10] INFO  [ControllerAspect.java:24] c.g.biblioteca.aop.ControllerAspect.around - Fin llamada a método: crearLibro en el controlador: LibroController
28-01-2025 01:17:36.440 [http-nio-9098-exec-9] INFO  [ControllerAspect.java:21] c.g.biblioteca.aop.ControllerAspect.around - Inicia llamada a método: listarLibros en el controlador: LibroController con parametros: []
28-01-2025 01:17:36.443 [http-nio-9098-exec-9] INFO  [ControllerAspect.java:24] c.g.biblioteca.aop.ControllerAspect.around - Fin llamada a método: listarLibros en el controlador: LibroController
28-01-2025 01:17:47.679 [http-nio-9098-exec-1] INFO  [ControllerAspect.java:21] c.g.biblioteca.aop.ControllerAspect.around - Inicia llamada a método: listarAutores en el controlador: AutorController con parametros: []
28-01-2025 01:17:47.682 [http-nio-9098-exec-1] INFO  [ControllerAspect.java:24] c.g.biblioteca.aop.ControllerAspect.around - Fin llamada a método: listarAutores en el controlador: AutorController
28-01-2025 01:18:11.864 [http-nio-9098-exec-3] INFO  [ControllerAspect.java:21] c.g.biblioteca.aop.ControllerAspect.around - Inicia llamada a método: actualizarLibro en el controlador: LibroController con parametros: [6, Libro(id=6, titulo=NUEVO LIBRO ACTUALIZADO, idAutor=3, isbn=12355, fechaPublicacion=Wed Apr 25 00:00:00 PET 1990, estado=null)]
28-01-2025 01:18:11.869 [http-nio-9098-exec-3] INFO  [ControllerAspect.java:24] c.g.biblioteca.aop.ControllerAspect.around - Fin llamada a método: actualizarLibro en el controlador: LibroController
28-01-2025 01:18:11.882 [http-nio-9098-exec-6] INFO  [ControllerAspect.java:21] c.g.biblioteca.aop.ControllerAspect.around - Inicia llamada a método: listarLibros en el controlador: LibroController con parametros: []
28-01-2025 01:18:11.890 [http-nio-9098-exec-6] INFO  [ControllerAspect.java:24] c.g.biblioteca.aop.ControllerAspect.around - Fin llamada a método: listarLibros en el controlador: LibroController
28-01-2025 01:18:42.075 [http-nio-9098-exec-5] INFO  [ControllerAspect.java:21] c.g.biblioteca.aop.ControllerAspect.around - Inicia llamada a método: listarPrestamos en el controlador: PrestamoController con parametros: []
28-01-2025 01:18:42.080 [http-nio-9098-exec-5] INFO  [ControllerAspect.java:24] c.g.biblioteca.aop.ControllerAspect.around - Fin llamada a método: listarPrestamos en el controlador: PrestamoController
28-01-2025 01:19:06.940 [http-nio-9098-exec-7] INFO  [ControllerAspect.java:21] c.g.biblioteca.aop.ControllerAspect.around - Inicia llamada a método: listarLibros en el controlador: LibroController con parametros: []
28-01-2025 01:19:06.943 [http-nio-9098-exec-7] INFO  [ControllerAspect.java:24] c.g.biblioteca.aop.ControllerAspect.around - Fin llamada a método: listarLibros en el controlador: LibroController
28-01-2025 01:19:28.557 [http-nio-9098-exec-8] INFO  [ControllerAspect.java:21] c.g.biblioteca.aop.ControllerAspect.around - Inicia llamada a método: crearPrestamo en el controlador: PrestamoController con parametros: [Prestamo(id=null, idLibro=6, fechaPrestamo=Wed Jan 08 01:19:09 PET 2025, fechaDevolucion=null, estado=ACTIVO)]
28-01-2025 01:19:28.562 [http-nio-9098-exec-8] INFO  [ControllerAspect.java:24] c.g.biblioteca.aop.ControllerAspect.around - Fin llamada a método: crearPrestamo en el controlador: PrestamoController
28-01-2025 01:19:59.431 [http-nio-9098-exec-10] INFO  [ControllerAspect.java:21] c.g.biblioteca.aop.ControllerAspect.around - Inicia llamada a método: listarLibrosPaginado en el controlador: LibroController con parametros: [0, 10]
28-01-2025 01:19:59.436 [http-nio-9098-exec-10] INFO  [ControllerAspect.java:24] c.g.biblioteca.aop.ControllerAspect.around - Fin llamada a método: listarLibrosPaginado en el controlador: LibroController
28-01-2025 01:20:05.627 [http-nio-9098-exec-9] INFO  [ControllerAspect.java:21] c.g.biblioteca.aop.ControllerAspect.around - Inicia llamada a método: listarLibros en el controlador: LibroController con parametros: []
28-01-2025 01:20:05.629 [http-nio-9098-exec-9] INFO  [ControllerAspect.java:24] c.g.biblioteca.aop.ControllerAspect.around - Fin llamada a método: listarLibros en el controlador: LibroController
28-01-2025 01:20:12.407 [http-nio-9098-exec-1] INFO  [ControllerAspect.java:21] c.g.biblioteca.aop.ControllerAspect.around - Inicia llamada a método: listarLibrosPaginado en el controlador: LibroController con parametros: [0, 10]
28-01-2025 01:20:12.410 [http-nio-9098-exec-1] INFO  [ControllerAspect.java:24] c.g.biblioteca.aop.ControllerAspect.around - Fin llamada a método: listarLibrosPaginado en el controlador: LibroController
28-01-2025 01:20:15.661 [http-nio-9098-exec-2] INFO  [ControllerAspect.java:21] c.g.biblioteca.aop.ControllerAspect.around - Inicia llamada a método: listarLibros en el controlador: LibroController con parametros: []
28-01-2025 01:20:15.664 [http-nio-9098-exec-2] INFO  [ControllerAspect.java:24] c.g.biblioteca.aop.ControllerAspect.around - Fin llamada a método: listarLibros en el controlador: LibroController
28-01-2025 01:20:19.454 [http-nio-9098-exec-3] INFO  [ControllerAspect.java:21] c.g.biblioteca.aop.ControllerAspect.around - Inicia llamada a método: listarPrestamos en el controlador: PrestamoController con parametros: []
28-01-2025 01:20:19.457 [http-nio-9098-exec-3] INFO  [ControllerAspect.java:24] c.g.biblioteca.aop.ControllerAspect.around - Fin llamada a método: listarPrestamos en el controlador: PrestamoController
28-01-2025 01:20:27.152 [http-nio-9098-exec-6] INFO  [ControllerAspect.java:21] c.g.biblioteca.aop.ControllerAspect.around - Inicia llamada a método: crearPrestamo en el controlador: PrestamoController con parametros: [Prestamo(id=null, idLibro=6, fechaPrestamo=Wed Jan 08 01:19:09 PET 2025, fechaDevolucion=null, estado=ACTIVO)]
28-01-2025 01:20:27.153 [http-nio-9098-exec-6] INFO  [ControllerAspect.java:24] c.g.biblioteca.aop.ControllerAspect.around - Fin llamada a método: crearPrestamo en el controlador: PrestamoController
28-01-2025 01:21:11.130 [http-nio-9098-exec-5] INFO  [ControllerAspect.java:21] c.g.biblioteca.aop.ControllerAspect.around - Inicia llamada a método: crearPrestamo en el controlador: PrestamoController con parametros: [Prestamo(id=null, idLibro=6, fechaPrestamo=Wed Jan 08 01:19:09 PET 2025, fechaDevolucion=null, estado=ACTIVO)]
28-01-2025 01:21:11.132 [http-nio-9098-exec-5] INFO  [ControllerAspect.java:24] c.g.biblioteca.aop.ControllerAspect.around - Fin llamada a método: crearPrestamo en el controlador: PrestamoController
28-01-2025 01:21:22.656 [http-nio-9098-exec-4] INFO  [ControllerAspect.java:21] c.g.biblioteca.aop.ControllerAspect.around - Inicia llamada a método: listarLibros en el controlador: LibroController con parametros: []
28-01-2025 01:21:22.658 [http-nio-9098-exec-4] INFO  [ControllerAspect.java:24] c.g.biblioteca.aop.ControllerAspect.around - Fin llamada a método: listarLibros en el controlador: LibroController
28-01-2025 01:22:41.068 [SpringApplicationShutdownHook] INFO  [AbstractEntityManagerFactoryBean.java:650] o.s.o.j.LocalContainerEntityManagerFactoryBean.destroy - Closing JPA EntityManagerFactory for persistence unit 'default'
28-01-2025 01:22:55.821 [restartedMain] INFO  [StartupInfoLogger.java:50] c.g.biblioteca.BibliotecaApplication.logStarting - Starting BibliotecaApplication using Java 17.0.8.1 with PID 27096 (D:\Programacion\Proyectos\Growby\sistema-biblioteca-backend\target\classes started by steve in D:\Programacion\Proyectos\Growby\sistema-biblioteca-backend)
28-01-2025 01:22:55.844 [restartedMain] INFO  [SpringApplication.java:654] c.g.biblioteca.BibliotecaApplication.logStartupProfileInfo - No active profile set, falling back to 1 default profile: "default"
28-01-2025 01:22:55.847 [background-preinit] INFO  [Version.java:21] o.h.validator.internal.util.Version.<clinit> - HV000001: Hibernate Validator 8.0.1.Final
28-01-2025 01:22:55.898 [restartedMain] INFO  [DeferredLog.java:252] o.s.b.d.restart.ChangeableUrls.logTo - The Class-Path manifest attribute in C:\Users\steve\.m2\repository\com\oracle\database\jdbc\ojdbc11\21.9.0.0\ojdbc11-21.9.0.0.jar referenced one or more files that do not exist: file:/C:/Users/steve/.m2/repository/com/oracle/database/jdbc/ojdbc11/21.9.0.0/oraclepki.jar
28-01-2025 01:22:55.899 [restartedMain] INFO  [DeferredLog.java:252] o.s.b.d.e.DevToolsPropertyDefaultsPostProcessor.logTo - Devtools property defaults active! Set 'spring.devtools.add-properties' to 'false' to disable
28-01-2025 01:22:55.899 [restartedMain] INFO  [DeferredLog.java:252] o.s.b.d.e.DevToolsPropertyDefaultsPostProcessor.logTo - For additional web related logging consider setting the 'logging.level.web' property to 'DEBUG'
28-01-2025 01:22:57.528 [restartedMain] INFO  [RepositoryConfigurationDelegate.java:143] o.s.d.r.c.RepositoryConfigurationDelegate.registerRepositoriesIn - Bootstrapping Spring Data JPA repositories in DEFAULT mode.
28-01-2025 01:22:57.645 [restartedMain] INFO  [RepositoryConfigurationDelegate.java:211] o.s.d.r.c.RepositoryConfigurationDelegate.registerRepositoriesIn - Finished Spring Data repository scanning in 108 ms. Found 3 JPA repository interfaces.
28-01-2025 01:23:02.511 [restartedMain] INFO  [TomcatWebServer.java:111] o.s.b.w.e.tomcat.TomcatWebServer.initialize - Tomcat initialized with port 9098 (http)
28-01-2025 01:23:02.526 [restartedMain] INFO  [DirectJDKLog.java:173] o.a.coyote.http11.Http11NioProtocol.log - Initializing ProtocolHandler ["http-nio-9098"]
28-01-2025 01:23:02.576 [restartedMain] INFO  [DirectJDKLog.java:173] o.a.catalina.core.StandardService.log - Starting service [Tomcat]
28-01-2025 01:23:02.577 [restartedMain] INFO  [DirectJDKLog.java:173] o.a.catalina.core.StandardEngine.log - Starting Servlet engine: [Apache Tomcat/10.1.28]
28-01-2025 01:23:06.777 [restartedMain] INFO  [DirectJDKLog.java:173] o.a.c.c.C.[Tomcat].[localhost].[/].log - Initializing Spring embedded WebApplicationContext
28-01-2025 01:23:06.779 [restartedMain] INFO  [ServletWebServerApplicationContext.java:296] o.s.b.w.s.c.ServletWebServerApplicationContext.prepareWebApplicationContext - Root WebApplicationContext: initialization completed in 10878 ms
28-01-2025 01:23:07.461 [restartedMain] INFO  [H2ConsoleAutoConfiguration.java:88] o.s.b.a.h.H2ConsoleAutoConfiguration.logDataSources - H2 console available at '/h2-console'. Database available at 'jdbc:h2:mem:testdb'
28-01-2025 01:23:07.770 [restartedMain] INFO  [LogHelper.java:31] o.h.jpa.internal.util.LogHelper.logPersistenceUnitInformation - HHH000204: Processing PersistenceUnitInfo [name: default]
28-01-2025 01:23:07.919 [restartedMain] INFO  [Version.java:44] org.hibernate.Version.logVersion - HHH000412: Hibernate ORM core version 6.5.2.Final
28-01-2025 01:23:07.982 [restartedMain] INFO  [RegionFactoryInitiator.java:50] o.h.c.i.RegionFactoryInitiator.initiateService - HHH000026: Second-level cache disabled
28-01-2025 01:23:08.490 [restartedMain] INFO  [SpringPersistenceUnitInfo.java:87] o.s.o.j.p.SpringPersistenceUnitInfo.addTransformer - No LoadTimeWeaver setup: ignoring JPA class transformer
28-01-2025 01:23:09.663 [restartedMain] INFO  [JtaPlatformInitiator.java:59] o.h.e.t.j.p.i.JtaPlatformInitiator.initiateService - HHH000489: No JTA platform available (set 'hibernate.transaction.jta.platform' to enable JTA platform integration)
28-01-2025 01:23:09.728 [restartedMain] INFO  [AbstractEntityManagerFactoryBean.java:437] o.s.o.j.LocalContainerEntityManagerFactoryBean.buildNativeEntityManagerFactory - Initialized JPA EntityManagerFactory for persistence unit 'default'
28-01-2025 01:23:10.815 [restartedMain] WARN  [JpaBaseConfiguration.java:236] o.s.b.a.o.j.JpaBaseConfiguration$JpaWebConfiguration.openEntityManagerInViewInterceptor - spring.jpa.open-in-view is enabled by default. Therefore, database queries may be performed during view rendering. Explicitly configure spring.jpa.open-in-view to disable this warning
28-01-2025 01:23:11.884 [restartedMain] INFO  [OptionalLiveReloadServer.java:59] o.s.b.d.a.OptionalLiveReloadServer.startServer - LiveReload server is running on port 35729
28-01-2025 01:23:11.927 [restartedMain] INFO  [DirectJDKLog.java:173] o.a.coyote.http11.Http11NioProtocol.log - Starting ProtocolHandler ["http-nio-9098"]
28-01-2025 01:23:11.975 [restartedMain] INFO  [TomcatWebServer.java:243] o.s.b.w.e.tomcat.TomcatWebServer.start - Tomcat started on port 9098 (http) with context path '/'
28-01-2025 01:23:11.988 [restartedMain] INFO  [StartupInfoLogger.java:56] c.g.biblioteca.BibliotecaApplication.logStarted - Started BibliotecaApplication in 17.124 seconds (process running for 17.867)
28-01-2025 01:27:12.128 [SpringApplicationShutdownHook] INFO  [AbstractEntityManagerFactoryBean.java:650] o.s.o.j.LocalContainerEntityManagerFactoryBean.destroy - Closing JPA EntityManagerFactory for persistence unit 'default'
28-01-2025 01:27:22.975 [background-preinit] INFO  [Version.java:21] o.h.validator.internal.util.Version.<clinit> - HV000001: Hibernate Validator 8.0.1.Final
28-01-2025 01:27:23.038 [restartedMain] INFO  [StartupInfoLogger.java:50] c.g.biblioteca.BibliotecaApplication.logStarting - Starting BibliotecaApplication using Java 17.0.8.1 with PID 21024 (D:\Programacion\Proyectos\Growby\sistema-biblioteca-backend\target\classes started by steve in D:\Programacion\Proyectos\Growby\sistema-biblioteca-backend)
28-01-2025 01:27:23.039 [restartedMain] INFO  [SpringApplication.java:654] c.g.biblioteca.BibliotecaApplication.logStartupProfileInfo - No active profile set, falling back to 1 default profile: "default"
28-01-2025 01:27:23.097 [restartedMain] INFO  [DeferredLog.java:252] o.s.b.d.restart.ChangeableUrls.logTo - The Class-Path manifest attribute in C:\Users\steve\.m2\repository\com\oracle\database\jdbc\ojdbc11\21.9.0.0\ojdbc11-21.9.0.0.jar referenced one or more files that do not exist: file:/C:/Users/steve/.m2/repository/com/oracle/database/jdbc/ojdbc11/21.9.0.0/oraclepki.jar
28-01-2025 01:27:23.098 [restartedMain] INFO  [DeferredLog.java:252] o.s.b.d.e.DevToolsPropertyDefaultsPostProcessor.logTo - Devtools property defaults active! Set 'spring.devtools.add-properties' to 'false' to disable
28-01-2025 01:27:23.098 [restartedMain] INFO  [DeferredLog.java:252] o.s.b.d.e.DevToolsPropertyDefaultsPostProcessor.logTo - For additional web related logging consider setting the 'logging.level.web' property to 'DEBUG'
28-01-2025 01:27:24.254 [restartedMain] INFO  [RepositoryConfigurationDelegate.java:143] o.s.d.r.c.RepositoryConfigurationDelegate.registerRepositoriesIn - Bootstrapping Spring Data JPA repositories in DEFAULT mode.
28-01-2025 01:27:24.328 [restartedMain] INFO  [RepositoryConfigurationDelegate.java:211] o.s.d.r.c.RepositoryConfigurationDelegate.registerRepositoriesIn - Finished Spring Data repository scanning in 66 ms. Found 3 JPA repository interfaces.
28-01-2025 01:27:25.585 [restartedMain] INFO  [TomcatWebServer.java:111] o.s.b.w.e.tomcat.TomcatWebServer.initialize - Tomcat initialized with port 9098 (http)
28-01-2025 01:27:25.596 [restartedMain] INFO  [DirectJDKLog.java:173] o.a.coyote.http11.Http11NioProtocol.log - Initializing ProtocolHandler ["http-nio-9098"]
28-01-2025 01:27:25.601 [restartedMain] INFO  [DirectJDKLog.java:173] o.a.catalina.core.StandardService.log - Starting service [Tomcat]
28-01-2025 01:27:25.602 [restartedMain] INFO  [DirectJDKLog.java:173] o.a.catalina.core.StandardEngine.log - Starting Servlet engine: [Apache Tomcat/10.1.28]
28-01-2025 01:27:25.706 [restartedMain] INFO  [DirectJDKLog.java:173] o.a.c.c.C.[Tomcat].[localhost].[/].log - Initializing Spring embedded WebApplicationContext
28-01-2025 01:27:25.708 [restartedMain] INFO  [ServletWebServerApplicationContext.java:296] o.s.b.w.s.c.ServletWebServerApplicationContext.prepareWebApplicationContext - Root WebApplicationContext: initialization completed in 2608 ms
28-01-2025 01:27:26.064 [restartedMain] INFO  [H2ConsoleAutoConfiguration.java:88] o.s.b.a.h.H2ConsoleAutoConfiguration.logDataSources - H2 console available at '/h2-console'. Database available at 'jdbc:h2:mem:testdb'
28-01-2025 01:27:26.331 [restartedMain] INFO  [LogHelper.java:31] o.h.jpa.internal.util.LogHelper.logPersistenceUnitInformation - HHH000204: Processing PersistenceUnitInfo [name: default]
28-01-2025 01:27:26.433 [restartedMain] INFO  [Version.java:44] org.hibernate.Version.logVersion - HHH000412: Hibernate ORM core version 6.5.2.Final
28-01-2025 01:27:26.493 [restartedMain] INFO  [RegionFactoryInitiator.java:50] o.h.c.i.RegionFactoryInitiator.initiateService - HHH000026: Second-level cache disabled
28-01-2025 01:27:26.922 [restartedMain] INFO  [SpringPersistenceUnitInfo.java:87] o.s.o.j.p.SpringPersistenceUnitInfo.addTransformer - No LoadTimeWeaver setup: ignoring JPA class transformer
28-01-2025 01:27:28.006 [restartedMain] INFO  [JtaPlatformInitiator.java:59] o.h.e.t.j.p.i.JtaPlatformInitiator.initiateService - HHH000489: No JTA platform available (set 'hibernate.transaction.jta.platform' to enable JTA platform integration)
28-01-2025 01:27:28.059 [restartedMain] INFO  [AbstractEntityManagerFactoryBean.java:437] o.s.o.j.LocalContainerEntityManagerFactoryBean.buildNativeEntityManagerFactory - Initialized JPA EntityManagerFactory for persistence unit 'default'
28-01-2025 01:27:28.947 [restartedMain] WARN  [JpaBaseConfiguration.java:236] o.s.b.a.o.j.JpaBaseConfiguration$JpaWebConfiguration.openEntityManagerInViewInterceptor - spring.jpa.open-in-view is enabled by default. Therefore, database queries may be performed during view rendering. Explicitly configure spring.jpa.open-in-view to disable this warning
28-01-2025 01:27:29.830 [restartedMain] INFO  [OptionalLiveReloadServer.java:59] o.s.b.d.a.OptionalLiveReloadServer.startServer - LiveReload server is running on port 35729
28-01-2025 01:27:29.872 [restartedMain] INFO  [DirectJDKLog.java:173] o.a.coyote.http11.Http11NioProtocol.log - Starting ProtocolHandler ["http-nio-9098"]
28-01-2025 01:27:29.898 [restartedMain] INFO  [TomcatWebServer.java:243] o.s.b.w.e.tomcat.TomcatWebServer.start - Tomcat started on port 9098 (http) with context path '/'
28-01-2025 01:27:29.909 [restartedMain] INFO  [StartupInfoLogger.java:56] c.g.biblioteca.BibliotecaApplication.logStarted - Started BibliotecaApplication in 7.429 seconds (process running for 7.975)
28-01-2025 01:27:39.620 [http-nio-9098-exec-1] INFO  [DirectJDKLog.java:173] o.a.c.c.C.[Tomcat].[localhost].[/].log - Initializing Spring DispatcherServlet 'dispatcherServlet'
28-01-2025 01:27:39.620 [http-nio-9098-exec-1] INFO  [FrameworkServlet.java:532] o.s.web.servlet.DispatcherServlet.initServletBean - Initializing Servlet 'dispatcherServlet'
28-01-2025 01:27:39.621 [http-nio-9098-exec-1] INFO  [FrameworkServlet.java:554] o.s.web.servlet.DispatcherServlet.initServletBean - Completed initialization in 1 ms
28-01-2025 01:27:39.720 [http-nio-9098-exec-2] INFO  [ControllerAspect.java:21] c.g.biblioteca.aop.ControllerAspect.around - Inicia llamada a método: listarLibros en el controlador: LibroController con parametros: []
28-01-2025 01:27:39.971 [http-nio-9098-exec-2] INFO  [ControllerAspect.java:24] c.g.biblioteca.aop.ControllerAspect.around - Fin llamada a método: listarLibros en el controlador: LibroController
28-01-2025 01:27:41.406 [http-nio-9098-exec-4] INFO  [ControllerAspect.java:21] c.g.biblioteca.aop.ControllerAspect.around - Inicia llamada a método: listarAutores en el controlador: AutorController con parametros: []
28-01-2025 01:27:41.414 [http-nio-9098-exec-4] INFO  [ControllerAspect.java:24] c.g.biblioteca.aop.ControllerAspect.around - Fin llamada a método: listarAutores en el controlador: AutorController
28-01-2025 01:28:22.268 [http-nio-9098-exec-5] INFO  [ControllerAspect.java:21] c.g.biblioteca.aop.ControllerAspect.around - Inicia llamada a método: crearLibro en el controlador: LibroController con parametros: [Libro(id=null, titulo=NUEVO LIBRO, idAutor=2, isbn=12334, fechaPublicacion=Tue Jan 28 01:27:41 PET 2025, estado=null)]
28-01-2025 01:28:22.298 [http-nio-9098-exec-5] WARN  [SqlExceptionHelper.java:145] o.h.e.jdbc.spi.SqlExceptionHelper.logExceptions - SQL Error: 23505, SQLState: 23505
28-01-2025 01:28:22.299 [http-nio-9098-exec-5] ERROR [SqlExceptionHelper.java:150] o.h.e.jdbc.spi.SqlExceptionHelper.logExceptions - Violación de indice de Unicidad ó Clave primaria: "PRIMARY KEY ON PUBLIC.LIBRO(ID) ( /* key:1 */ CAST(1 AS BIGINT), 'El Quijote', CAST(2 AS BIGINT), '978-1234567890', TIMESTAMP '1605-01-16 00:00:00', 'Disponible')"
Unique index or primary key violation: "PRIMARY KEY ON PUBLIC.LIBRO(ID) ( /* key:1 */ CAST(1 AS BIGINT), 'El Quijote', CAST(2 AS BIGINT), '978-1234567890', TIMESTAMP '1605-01-16 00:00:00', 'Disponible')"; SQL statement:
insert into libro (estado,fecha_publicacion,id_autor,isbn,titulo,id) values (?,?,?,?,?,default) [23505-224]
28-01-2025 01:29:44.816 [http-nio-9098-exec-6] INFO  [ControllerAspect.java:21] c.g.biblioteca.aop.ControllerAspect.around - Inicia llamada a método: crearLibro en el controlador: LibroController con parametros: [Libro(id=null, titulo=NUEVO LIBRO, idAutor=2, isbn=12334, fechaPublicacion=Tue Jan 28 01:27:41 PET 2025, estado=null)]
28-01-2025 01:29:44.819 [http-nio-9098-exec-6] WARN  [SqlExceptionHelper.java:145] o.h.e.jdbc.spi.SqlExceptionHelper.logExceptions - SQL Error: 23505, SQLState: 23505
28-01-2025 01:29:44.819 [http-nio-9098-exec-6] ERROR [SqlExceptionHelper.java:150] o.h.e.jdbc.spi.SqlExceptionHelper.logExceptions - Violación de indice de Unicidad ó Clave primaria: "PRIMARY KEY ON PUBLIC.LIBRO(ID) ( /* key:2 */ CAST(2 AS BIGINT), U&'Cien A\\00f1os de Soledad', CAST(1 AS BIGINT), '978-9876543210', TIMESTAMP '1967-05-30 00:00:00', 'Disponible')"
Unique index or primary key violation: "PRIMARY KEY ON PUBLIC.LIBRO(ID) ( /* key:2 */ CAST(2 AS BIGINT), U&'Cien A\\00f1os de Soledad', CAST(1 AS BIGINT), '978-9876543210', TIMESTAMP '1967-05-30 00:00:00', 'Disponible')"; SQL statement:
insert into libro (estado,fecha_publicacion,id_autor,isbn,titulo,id) values (?,?,?,?,?,default) [23505-224]
28-01-2025 01:29:45.530 [http-nio-9098-exec-7] INFO  [ControllerAspect.java:21] c.g.biblioteca.aop.ControllerAspect.around - Inicia llamada a método: crearLibro en el controlador: LibroController con parametros: [Libro(id=null, titulo=NUEVO LIBRO, idAutor=2, isbn=12334, fechaPublicacion=Tue Jan 28 01:27:41 PET 2025, estado=null)]
28-01-2025 01:29:45.550 [http-nio-9098-exec-7] INFO  [ControllerAspect.java:24] c.g.biblioteca.aop.ControllerAspect.around - Fin llamada a método: crearLibro en el controlador: LibroController
28-01-2025 01:29:45.559 [http-nio-9098-exec-8] INFO  [ControllerAspect.java:21] c.g.biblioteca.aop.ControllerAspect.around - Inicia llamada a método: listarLibros en el controlador: LibroController con parametros: []
28-01-2025 01:29:45.563 [http-nio-9098-exec-8] INFO  [ControllerAspect.java:24] c.g.biblioteca.aop.ControllerAspect.around - Fin llamada a método: listarLibros en el controlador: LibroController
28-01-2025 01:29:54.578 [http-nio-9098-exec-9] INFO  [ControllerAspect.java:21] c.g.biblioteca.aop.ControllerAspect.around - Inicia llamada a método: listarAutores en el controlador: AutorController con parametros: []
28-01-2025 01:29:54.582 [http-nio-9098-exec-9] INFO  [ControllerAspect.java:24] c.g.biblioteca.aop.ControllerAspect.around - Fin llamada a método: listarAutores en el controlador: AutorController
28-01-2025 01:29:58.221 [http-nio-9098-exec-1] INFO  [ControllerAspect.java:21] c.g.biblioteca.aop.ControllerAspect.around - Inicia llamada a método: actualizarLibro en el controlador: LibroController con parametros: [3, Libro(id=3, titulo=NUEVO LIBRO ACTUALIZADO, idAutor=2, isbn=12334, fechaPublicacion=Tue Jan 28 01:27:41 PET 2025, estado=null)]
28-01-2025 01:29:58.254 [http-nio-9098-exec-1] INFO  [ControllerAspect.java:24] c.g.biblioteca.aop.ControllerAspect.around - Fin llamada a método: actualizarLibro en el controlador: LibroController
28-01-2025 01:29:58.263 [http-nio-9098-exec-2] INFO  [ControllerAspect.java:21] c.g.biblioteca.aop.ControllerAspect.around - Inicia llamada a método: listarLibros en el controlador: LibroController con parametros: []
28-01-2025 01:29:58.267 [http-nio-9098-exec-2] INFO  [ControllerAspect.java:24] c.g.biblioteca.aop.ControllerAspect.around - Fin llamada a método: listarLibros en el controlador: LibroController
28-01-2025 01:29:59.790 [http-nio-9098-exec-3] INFO  [ControllerAspect.java:21] c.g.biblioteca.aop.ControllerAspect.around - Inicia llamada a método: listarPrestamos en el controlador: PrestamoController con parametros: []
28-01-2025 01:29:59.796 [http-nio-9098-exec-3] INFO  [ControllerAspect.java:24] c.g.biblioteca.aop.ControllerAspect.around - Fin llamada a método: listarPrestamos en el controlador: PrestamoController
28-01-2025 01:30:01.722 [http-nio-9098-exec-4] INFO  [ControllerAspect.java:21] c.g.biblioteca.aop.ControllerAspect.around - Inicia llamada a método: listarLibros en el controlador: LibroController con parametros: []
28-01-2025 01:30:01.727 [http-nio-9098-exec-4] INFO  [ControllerAspect.java:24] c.g.biblioteca.aop.ControllerAspect.around - Fin llamada a método: listarLibros en el controlador: LibroController
28-01-2025 01:30:42.262 [http-nio-9098-exec-5] INFO  [ControllerAspect.java:21] c.g.biblioteca.aop.ControllerAspect.around - Inicia llamada a método: crearPrestamo en el controlador: PrestamoController con parametros: [Prestamo(id=null, idLibro=3, fechaPrestamo=Wed Jan 22 01:30:10 PET 2025, fechaDevolucion=null, estado=ACTIVO)]
28-01-2025 01:30:42.281 [http-nio-9098-exec-5] INFO  [ControllerAspect.java:24] c.g.biblioteca.aop.ControllerAspect.around - Fin llamada a método: crearPrestamo en el controlador: PrestamoController
28-01-2025 01:30:42.291 [http-nio-9098-exec-6] INFO  [ControllerAspect.java:21] c.g.biblioteca.aop.ControllerAspect.around - Inicia llamada a método: listarPrestamos en el controlador: PrestamoController con parametros: []
28-01-2025 01:30:42.295 [http-nio-9098-exec-6] INFO  [ControllerAspect.java:24] c.g.biblioteca.aop.ControllerAspect.around - Fin llamada a método: listarPrestamos en el controlador: PrestamoController
28-01-2025 01:30:48.847 [http-nio-9098-exec-7] INFO  [ControllerAspect.java:21] c.g.biblioteca.aop.ControllerAspect.around - Inicia llamada a método: listarLibros en el controlador: LibroController con parametros: []
28-01-2025 01:30:48.852 [http-nio-9098-exec-7] INFO  [ControllerAspect.java:24] c.g.biblioteca.aop.ControllerAspect.around - Fin llamada a método: listarLibros en el controlador: LibroController
28-01-2025 01:30:53.196 [http-nio-9098-exec-8] INFO  [ControllerAspect.java:21] c.g.biblioteca.aop.ControllerAspect.around - Inicia llamada a método: crearPrestamo en el controlador: PrestamoController con parametros: [Prestamo(id=null, idLibro=2, fechaPrestamo=Wed Jan 15 01:30:51 PET 2025, fechaDevolucion=null, estado=ACTIVO)]
28-01-2025 01:30:53.203 [http-nio-9098-exec-8] INFO  [ControllerAspect.java:24] c.g.biblioteca.aop.ControllerAspect.around - Fin llamada a método: crearPrestamo en el controlador: PrestamoController
28-01-2025 01:30:53.211 [http-nio-9098-exec-9] INFO  [ControllerAspect.java:21] c.g.biblioteca.aop.ControllerAspect.around - Inicia llamada a método: listarPrestamos en el controlador: PrestamoController con parametros: []
28-01-2025 01:30:53.217 [http-nio-9098-exec-9] INFO  [ControllerAspect.java:24] c.g.biblioteca.aop.ControllerAspect.around - Fin llamada a método: listarPrestamos en el controlador: PrestamoController
28-01-2025 01:31:16.311 [http-nio-9098-exec-10] INFO  [ControllerAspect.java:21] c.g.biblioteca.aop.ControllerAspect.around - Inicia llamada a método: finalizarPrestamo en el controlador: PrestamoController con parametros: [1]
28-01-2025 01:31:16.320 [http-nio-9098-exec-10] INFO  [ControllerAspect.java:24] c.g.biblioteca.aop.ControllerAspect.around - Fin llamada a método: finalizarPrestamo en el controlador: PrestamoController
28-01-2025 01:31:16.334 [http-nio-9098-exec-1] INFO  [ControllerAspect.java:21] c.g.biblioteca.aop.ControllerAspect.around - Inicia llamada a método: listarPrestamos en el controlador: PrestamoController con parametros: []
28-01-2025 01:31:16.339 [http-nio-9098-exec-1] INFO  [ControllerAspect.java:24] c.g.biblioteca.aop.ControllerAspect.around - Fin llamada a método: listarPrestamos en el controlador: PrestamoController
